{"uid":"4b4757e66a1912dae1a509f688f20b0f","name":"categories","children":[{"name":"Test defects","children":[{"name":"selenium.common.exceptions.StaleElementReferenceException: Message: stale element reference: stale element not found\n  (Session info: chrome=134.0.6998.35); For documentation on this error, please visit: https://www.selenium.dev/documentation/webdriver/troubleshooting/errors#stale-element-reference-exception\nStacktrace:\n#0 0x561b3c39814a <unknown>\n#1 0x561b3be35b80 <unknown>\n#2 0x561b3be48c8b <unknown>\n#3 0x561b3be47a42 <unknown>\n#4 0x561b3be3d209 <unknown>\n#5 0x561b3be3d335 <unknown>\n#6 0x561b3be3b2e3 <unknown>\n#7 0x561b3be3f187 <unknown>\n#8 0x561b3bed424b <unknown>\n#9 0x561b3beaced2 <unknown>\n#10 0x561b3bed314a <unknown>\n#11 0x561b3beacca3 <unknown>\n#12 0x561b3be78f08 <unknown>\n#13 0x561b3be7a071 <unknown>\n#14 0x561b3c361b5b <unknown>\n#15 0x561b3c365ae2 <unknown>\n#16 0x561b3c34d967 <unknown>\n#17 0x561b3c3666d4 <unknown>\n#18 0x561b3c331c7f <unknown>\n#19 0x561b3c386cd8 <unknown>\n#20 0x561b3c386ea9 <unknown>\n#21 0x561b3c396fc6 <unknown>\n#22 0x7fa192a9caa4 <unknown>\n#23 0x7fa192b29c3c <unknown>","children":[{"name":"test_co_list_agent_office_phone_0_387","uid":"e05bb9cafcb8c673","parentUid":"83088bea89f17db2c62133c89dc323cc","status":"broken","time":{"start":1741535947864,"stop":1741535955658,"duration":7794},"flaky":false,"newFailed":false,"newPassed":false,"newBroken":false,"retriesCount":0,"retriesStatusChange":false,"parameters":[],"tags":["@pytest.mark.filterwarnings('ignore::DeprecationWarning')"]}],"uid":"83088bea89f17db2c62133c89dc323cc"},{"name":"selenium.common.exceptions.StaleElementReferenceException: Message: stale element reference: stale element not found\n  (Session info: chrome=134.0.6998.35); For documentation on this error, please visit: https://www.selenium.dev/documentation/webdriver/troubleshooting/errors#stale-element-reference-exception\nStacktrace:\n#0 0x55d3200fd14a <unknown>\n#1 0x55d31fb9ab80 <unknown>\n#2 0x55d31fbadc8b <unknown>\n#3 0x55d31fbaca42 <unknown>\n#4 0x55d31fba2209 <unknown>\n#5 0x55d31fba2335 <unknown>\n#6 0x55d31fba02e3 <unknown>\n#7 0x55d31fba4187 <unknown>\n#8 0x55d31fc3924b <unknown>\n#9 0x55d31fc11ed2 <unknown>\n#10 0x55d31fc3814a <unknown>\n#11 0x55d31fc11ca3 <unknown>\n#12 0x55d31fbddf08 <unknown>\n#13 0x55d31fbdf071 <unknown>\n#14 0x55d3200c6b5b <unknown>\n#15 0x55d3200caae2 <unknown>\n#16 0x55d3200b2967 <unknown>\n#17 0x55d3200cb6d4 <unknown>\n#18 0x55d320096c7f <unknown>\n#19 0x55d3200ebcd8 <unknown>\n#20 0x55d3200ebea9 <unknown>\n#21 0x55d3200fbfc6 <unknown>\n#22 0x7fe372c9caa4 <unknown>\n#23 0x7fe372d29c3c <unknown>","children":[{"name":"test_co_list_agent_preferred_phone_0_387","uid":"7f5cc4d986aeab9c","parentUid":"f79706fc4b138124594d642de20e318f","status":"broken","time":{"start":1741535966731,"stop":1741535974031,"duration":7300},"flaky":false,"newFailed":false,"newPassed":false,"newBroken":false,"retriesCount":0,"retriesStatusChange":false,"parameters":[],"tags":["@pytest.mark.filterwarnings('ignore::DeprecationWarning')"]}],"uid":"f79706fc4b138124594d642de20e318f"},{"name":"selenium.common.exceptions.StaleElementReferenceException: Message: stale element reference: stale element not found\n  (Session info: chrome=134.0.6998.35); For documentation on this error, please visit: https://www.selenium.dev/documentation/webdriver/troubleshooting/errors#stale-element-reference-exception\nStacktrace:\n#0 0x5607a611f14a <unknown>\n#1 0x5607a5bbcb80 <unknown>\n#2 0x5607a5bcfc8b <unknown>\n#3 0x5607a5bcea42 <unknown>\n#4 0x5607a5bc4209 <unknown>\n#5 0x5607a5bc4335 <unknown>\n#6 0x5607a5bc22e3 <unknown>\n#7 0x5607a5bc6187 <unknown>\n#8 0x5607a5c5b24b <unknown>\n#9 0x5607a5c33ed2 <unknown>\n#10 0x5607a5c5a14a <unknown>\n#11 0x5607a5c33ca3 <unknown>\n#12 0x5607a5bfff08 <unknown>\n#13 0x5607a5c01071 <unknown>\n#14 0x5607a60e8b5b <unknown>\n#15 0x5607a60ecae2 <unknown>\n#16 0x5607a60d4967 <unknown>\n#17 0x5607a60ed6d4 <unknown>\n#18 0x5607a60b8c7f <unknown>\n#19 0x5607a610dcd8 <unknown>\n#20 0x5607a610dea9 <unknown>\n#21 0x5607a611dfc6 <unknown>\n#22 0x7fe67be9caa4 <unknown>\n#23 0x7fe67bf29c3c <unknown>","children":[{"name":"test_currency_code_0_387","uid":"1eab0c53d57581da","parentUid":"c173e631bcbe65c7ddf4e1fc71d4de7f","status":"broken","time":{"start":1741535982630,"stop":1741535990728,"duration":8098},"flaky":false,"newFailed":false,"newPassed":false,"newBroken":false,"retriesCount":0,"retriesStatusChange":false,"parameters":[],"tags":["@pytest.mark.filterwarnings('ignore::DeprecationWarning')"]}],"uid":"c173e631bcbe65c7ddf4e1fc71d4de7f"},{"name":"selenium.common.exceptions.StaleElementReferenceException: Message: stale element reference: stale element not found\n  (Session info: chrome=134.0.6998.35); For documentation on this error, please visit: https://www.selenium.dev/documentation/webdriver/troubleshooting/errors#stale-element-reference-exception\nStacktrace:\n#0 0x55b9df0f414a <unknown>\n#1 0x55b9deb91b80 <unknown>\n#2 0x55b9deba4c8b <unknown>\n#3 0x55b9deba3a42 <unknown>\n#4 0x55b9deb99209 <unknown>\n#5 0x55b9deb99335 <unknown>\n#6 0x55b9deb972e3 <unknown>\n#7 0x55b9deb9b187 <unknown>\n#8 0x55b9dec3024b <unknown>\n#9 0x55b9dec08ed2 <unknown>\n#10 0x55b9dec2f14a <unknown>\n#11 0x55b9dec08ca3 <unknown>\n#12 0x55b9debd4f08 <unknown>\n#13 0x55b9debd6071 <unknown>\n#14 0x55b9df0bdb5b <unknown>\n#15 0x55b9df0c1ae2 <unknown>\n#16 0x55b9df0a9967 <unknown>\n#17 0x55b9df0c26d4 <unknown>\n#18 0x55b9df08dc7f <unknown>\n#19 0x55b9df0e2cd8 <unknown>\n#20 0x55b9df0e2ea9 <unknown>\n#21 0x55b9df0f2fc6 <unknown>\n#22 0x7f1d2ac9caa4 <unknown>\n#23 0x7f1d2ad29c3c <unknown>","children":[{"name":"test_kww_region_0_387","uid":"b4da5cdf36caed40","parentUid":"9928c553b914887f2570e5d32bfa7c77","status":"broken","time":{"start":1741536026547,"stop":1741536036484,"duration":9937},"flaky":false,"newFailed":false,"newPassed":false,"newBroken":false,"retriesCount":0,"retriesStatusChange":false,"parameters":[],"tags":["@pytest.mark.filterwarnings('ignore::DeprecationWarning')"]}],"uid":"9928c553b914887f2570e5d32bfa7c77"},{"name":"selenium.common.exceptions.StaleElementReferenceException: Message: stale element reference: stale element not found\n  (Session info: chrome=134.0.6998.35); For documentation on this error, please visit: https://www.selenium.dev/documentation/webdriver/troubleshooting/errors#stale-element-reference-exception\nStacktrace:\n#0 0x55fad793c14a <unknown>\n#1 0x55fad73d9b80 <unknown>\n#2 0x55fad73ecc8b <unknown>\n#3 0x55fad73eba42 <unknown>\n#4 0x55fad73e1209 <unknown>\n#5 0x55fad73e1335 <unknown>\n#6 0x55fad73df2e3 <unknown>\n#7 0x55fad73e3187 <unknown>\n#8 0x55fad747824b <unknown>\n#9 0x55fad7450ed2 <unknown>\n#10 0x55fad747714a <unknown>\n#11 0x55fad7450ca3 <unknown>\n#12 0x55fad741cf08 <unknown>\n#13 0x55fad741e071 <unknown>\n#14 0x55fad7905b5b <unknown>\n#15 0x55fad7909ae2 <unknown>\n#16 0x55fad78f1967 <unknown>\n#17 0x55fad790a6d4 <unknown>\n#18 0x55fad78d5c7f <unknown>\n#19 0x55fad792acd8 <unknown>\n#20 0x55fad792aea9 <unknown>\n#21 0x55fad793afc6 <unknown>\n#22 0x7f1585c9caa4 <unknown>\n#23 0x7f1585d29c3c <unknown>","children":[{"name":"test_list_dt_0_387","uid":"a7aca6371f808781","parentUid":"71ba2d381f1474b3ad80ca94fcce9d21","status":"broken","time":{"start":1741536189816,"stop":1741536198285,"duration":8469},"flaky":false,"newFailed":false,"newPassed":false,"newBroken":false,"retriesCount":0,"retriesStatusChange":false,"parameters":[],"tags":["@pytest.mark.filterwarnings('ignore::DeprecationWarning')"]}],"uid":"71ba2d381f1474b3ad80ca94fcce9d21"},{"name":"selenium.common.exceptions.StaleElementReferenceException: Message: stale element reference: stale element not found\n  (Session info: chrome=134.0.6998.35); For documentation on this error, please visit: https://www.selenium.dev/documentation/webdriver/troubleshooting/errors#stale-element-reference-exception\nStacktrace:\n#0 0x5630c36d814a <unknown>\n#1 0x5630c3175b80 <unknown>\n#2 0x5630c3188c8b <unknown>\n#3 0x5630c3187a42 <unknown>\n#4 0x5630c317d209 <unknown>\n#5 0x5630c317d335 <unknown>\n#6 0x5630c317b2e3 <unknown>\n#7 0x5630c317f187 <unknown>\n#8 0x5630c321424b <unknown>\n#9 0x5630c31eced2 <unknown>\n#10 0x5630c321314a <unknown>\n#11 0x5630c31ecca3 <unknown>\n#12 0x5630c31b8f08 <unknown>\n#13 0x5630c31ba071 <unknown>\n#14 0x5630c36a1b5b <unknown>\n#15 0x5630c36a5ae2 <unknown>\n#16 0x5630c368d967 <unknown>\n#17 0x5630c36a66d4 <unknown>\n#18 0x5630c3671c7f <unknown>\n#19 0x5630c36c6cd8 <unknown>\n#20 0x5630c36c6ea9 <unknown>\n#21 0x5630c36d6fc6 <unknown>\n#22 0x7f659169caa4 <unknown>\n#23 0x7f6591729c3c <unknown>","children":[{"name":"test_price_history_0_387","uid":"dd0c2293814659c2","parentUid":"548c8883ee59037b291d2f88767ca346","status":"broken","time":{"start":1741536263047,"stop":1741536271644,"duration":8597},"flaky":false,"newFailed":false,"newPassed":false,"newBroken":false,"retriesCount":0,"retriesStatusChange":false,"parameters":[],"tags":["@pytest.mark.filterwarnings('ignore::DeprecationWarning')"]}],"uid":"548c8883ee59037b291d2f88767ca346"},{"name":"selenium.common.exceptions.StaleElementReferenceException: Message: stale element reference: stale element not found\n  (Session info: chrome=134.0.6998.35); For documentation on this error, please visit: https://www.selenium.dev/documentation/webdriver/troubleshooting/errors#stale-element-reference-exception\nStacktrace:\n#0 0x55e439f0a14a <unknown>\n#1 0x55e4399a7b80 <unknown>\n#2 0x55e4399bac8b <unknown>\n#3 0x55e4399b9a42 <unknown>\n#4 0x55e4399af209 <unknown>\n#5 0x55e4399af335 <unknown>\n#6 0x55e4399ad2e3 <unknown>\n#7 0x55e4399b1187 <unknown>\n#8 0x55e439a4624b <unknown>\n#9 0x55e439a1eed2 <unknown>\n#10 0x55e439a4514a <unknown>\n#11 0x55e439a1eca3 <unknown>\n#12 0x55e4399eaf08 <unknown>\n#13 0x55e4399ec071 <unknown>\n#14 0x55e439ed3b5b <unknown>\n#15 0x55e439ed7ae2 <unknown>\n#16 0x55e439ebf967 <unknown>\n#17 0x55e439ed86d4 <unknown>\n#18 0x55e439ea3c7f <unknown>\n#19 0x55e439ef8cd8 <unknown>\n#20 0x55e439ef8ea9 <unknown>\n#21 0x55e439f08fc6 <unknown>\n#22 0x7f675449caa4 <unknown>\n#23 0x7f6754529c3c <unknown>","children":[{"name":"test_year_built_0_387","uid":"8354953e1ea9f14a","parentUid":"82b4aedcc321c80d5c59587f917f75af","status":"broken","time":{"start":1741536344370,"stop":1741536353844,"duration":9474},"flaky":false,"newFailed":false,"newPassed":false,"newBroken":false,"retriesCount":0,"retriesStatusChange":false,"parameters":[],"tags":["@pytest.mark.filterwarnings('ignore::DeprecationWarning')"]}],"uid":"82b4aedcc321c80d5c59587f917f75af"}],"uid":"bdbf199525818fae7a8651db9eafe741"}]}