{"uid":"1360a0537eb1c98f","name":"test_list_agent_office_phone_0_239","fullName":"tests.test_checklist.TestPromotionChecklist#test_list_agent_office_phone_0_239","historyId":"32ac51335efc73ebe27f4c22c7bc3008","time":{"start":1743404387396,"stop":1743404428516,"duration":41120},"status":"broken","statusMessage":"selenium.common.exceptions.TimeoutException: Message: \nStacktrace:\n#0 0x5608e0fd1a1a <unknown>\n#1 0x5608e0a89390 <unknown>\n#2 0x5608e0adac85 <unknown>\n#3 0x5608e0adaeb1 <unknown>\n#4 0x5608e0b29d64 <unknown>\n#5 0x5608e0b00bfd <unknown>\n#6 0x5608e0b2707b <unknown>\n#7 0x5608e0b009a3 <unknown>\n#8 0x5608e0acc60e <unknown>\n#9 0x5608e0acddd1 <unknown>\n#10 0x5608e0f97ddb <unknown>\n#11 0x5608e0f9bcbc <unknown>\n#12 0x5608e0f7f392 <unknown>\n#13 0x5608e0f9c834 <unknown>\n#14 0x5608e0f631ef <unknown>\n#15 0x5608e0fc0038 <unknown>\n#16 0x5608e0fc0216 <unknown>\n#17 0x5608e0fd0896 <unknown>\n#18 0x7f5a07c9caa4 <unknown>\n#19 0x7f5a07d29c3c <unknown>","statusTrace":"a = (<tests.test_checklist.TestPromotionChecklist testMethod=test_list_agent_office_phone_0_239>,)\nkw = {}\n\n    @wraps(func)\n    def standalone_func(*a, **kw):\n>       return func(*(a + p.args), **p.kwargs, **kw)\n\n/opt/hostedtoolcache/Python/3.13.2/x64/lib/python3.13/site-packages/parameterized/parameterized.py:620: \n_ _ _ _ _ _ _ _ _ _ _ _ _ _ _ _ _ _ _ _ _ _ _ _ _ _ _ _ _ _ _ _ _ _ _ _ _ _ _ _ \ntests/test_checklist.py:193: in test_list_agent_office_phone\n    WebDriverWait(self.driver, 30).until(EC.element_to_be_clickable(SOURCE_ID))\n_ _ _ _ _ _ _ _ _ _ _ _ _ _ _ _ _ _ _ _ _ _ _ _ _ _ _ _ _ _ _ _ _ _ _ _ _ _ _ _ \n\nself = <selenium.webdriver.support.wait.WebDriverWait (session=\"9dcb2afc2d3a1761ba984c9c3cf7f813\")>\nmethod = <function element_to_be_clickable.<locals>._predicate at 0x7f2ec6ac1120>\nmessage = ''\n\n    def until(self, method: Callable[[D], Union[Literal[False], T]], message: str = \"\") -> T:\n        \"\"\"Calls the method provided with the driver as an argument until the \\\n        return value does not evaluate to ``False``.\n    \n        :param method: callable(WebDriver)\n        :param message: optional message for :exc:`TimeoutException`\n        :returns: the result of the last call to `method`\n        :raises: :exc:`selenium.common.exceptions.TimeoutException` if timeout occurs\n        \"\"\"\n        screen = None\n        stacktrace = None\n    \n        end_time = time.monotonic() + self._timeout\n        while True:\n            try:\n                value = method(self._driver)\n                if value:\n                    return value\n            except self._ignored_exceptions as exc:\n                screen = getattr(exc, \"screen\", None)\n                stacktrace = getattr(exc, \"stacktrace\", None)\n            if time.monotonic() > end_time:\n                break\n            time.sleep(self._poll)\n>       raise TimeoutException(message, screen, stacktrace)\nE       selenium.common.exceptions.TimeoutException: Message: \nE       Stacktrace:\nE       #0 0x5608e0fd1a1a <unknown>\nE       #1 0x5608e0a89390 <unknown>\nE       #2 0x5608e0adac85 <unknown>\nE       #3 0x5608e0adaeb1 <unknown>\nE       #4 0x5608e0b29d64 <unknown>\nE       #5 0x5608e0b00bfd <unknown>\nE       #6 0x5608e0b2707b <unknown>\nE       #7 0x5608e0b009a3 <unknown>\nE       #8 0x5608e0acc60e <unknown>\nE       #9 0x5608e0acddd1 <unknown>\nE       #10 0x5608e0f97ddb <unknown>\nE       #11 0x5608e0f9bcbc <unknown>\nE       #12 0x5608e0f7f392 <unknown>\nE       #13 0x5608e0f9c834 <unknown>\nE       #14 0x5608e0f631ef <unknown>\nE       #15 0x5608e0fc0038 <unknown>\nE       #16 0x5608e0fc0216 <unknown>\nE       #17 0x5608e0fd0896 <unknown>\nE       #18 0x7f5a07c9caa4 <unknown>\nE       #19 0x7f5a07d29c3c <unknown>\n\n/opt/hostedtoolcache/Python/3.13.2/x64/lib/python3.13/site-packages/selenium/webdriver/support/wait.py:105: TimeoutException","flaky":false,"newFailed":false,"newBroken":false,"newPassed":false,"retriesCount":0,"retriesStatusChange":false,"beforeStages":[{"name":"_unittest_setUpClass_fixture_TestPromotionChecklist","time":{"start":1743404093170,"stop":1743404093170,"duration":0},"status":"passed","steps":[],"attachments":[],"parameters":[],"shouldDisplayMessage":false,"stepsCount":0,"attachmentsCount":0,"hasContent":false,"attachmentStep":false}],"testStage":{"status":"broken","statusMessage":"selenium.common.exceptions.TimeoutException: Message: \nStacktrace:\n#0 0x5608e0fd1a1a <unknown>\n#1 0x5608e0a89390 <unknown>\n#2 0x5608e0adac85 <unknown>\n#3 0x5608e0adaeb1 <unknown>\n#4 0x5608e0b29d64 <unknown>\n#5 0x5608e0b00bfd <unknown>\n#6 0x5608e0b2707b <unknown>\n#7 0x5608e0b009a3 <unknown>\n#8 0x5608e0acc60e <unknown>\n#9 0x5608e0acddd1 <unknown>\n#10 0x5608e0f97ddb <unknown>\n#11 0x5608e0f9bcbc <unknown>\n#12 0x5608e0f7f392 <unknown>\n#13 0x5608e0f9c834 <unknown>\n#14 0x5608e0f631ef <unknown>\n#15 0x5608e0fc0038 <unknown>\n#16 0x5608e0fc0216 <unknown>\n#17 0x5608e0fd0896 <unknown>\n#18 0x7f5a07c9caa4 <unknown>\n#19 0x7f5a07d29c3c <unknown>","statusTrace":"a = (<tests.test_checklist.TestPromotionChecklist testMethod=test_list_agent_office_phone_0_239>,)\nkw = {}\n\n    @wraps(func)\n    def standalone_func(*a, **kw):\n>       return func(*(a + p.args), **p.kwargs, **kw)\n\n/opt/hostedtoolcache/Python/3.13.2/x64/lib/python3.13/site-packages/parameterized/parameterized.py:620: \n_ _ _ _ _ _ _ _ _ _ _ _ _ _ _ _ _ _ _ _ _ _ _ _ _ _ _ _ _ _ _ _ _ _ _ _ _ _ _ _ \ntests/test_checklist.py:193: in test_list_agent_office_phone\n    WebDriverWait(self.driver, 30).until(EC.element_to_be_clickable(SOURCE_ID))\n_ _ _ _ _ _ _ _ _ _ _ _ _ _ _ _ _ _ _ _ _ _ _ _ _ _ _ _ _ _ _ _ _ _ _ _ _ _ _ _ \n\nself = <selenium.webdriver.support.wait.WebDriverWait (session=\"9dcb2afc2d3a1761ba984c9c3cf7f813\")>\nmethod = <function element_to_be_clickable.<locals>._predicate at 0x7f2ec6ac1120>\nmessage = ''\n\n    def until(self, method: Callable[[D], Union[Literal[False], T]], message: str = \"\") -> T:\n        \"\"\"Calls the method provided with the driver as an argument until the \\\n        return value does not evaluate to ``False``.\n    \n        :param method: callable(WebDriver)\n        :param message: optional message for :exc:`TimeoutException`\n        :returns: the result of the last call to `method`\n        :raises: :exc:`selenium.common.exceptions.TimeoutException` if timeout occurs\n        \"\"\"\n        screen = None\n        stacktrace = None\n    \n        end_time = time.monotonic() + self._timeout\n        while True:\n            try:\n                value = method(self._driver)\n                if value:\n                    return value\n            except self._ignored_exceptions as exc:\n                screen = getattr(exc, \"screen\", None)\n                stacktrace = getattr(exc, \"stacktrace\", None)\n            if time.monotonic() > end_time:\n                break\n            time.sleep(self._poll)\n>       raise TimeoutException(message, screen, stacktrace)\nE       selenium.common.exceptions.TimeoutException: Message: \nE       Stacktrace:\nE       #0 0x5608e0fd1a1a <unknown>\nE       #1 0x5608e0a89390 <unknown>\nE       #2 0x5608e0adac85 <unknown>\nE       #3 0x5608e0adaeb1 <unknown>\nE       #4 0x5608e0b29d64 <unknown>\nE       #5 0x5608e0b00bfd <unknown>\nE       #6 0x5608e0b2707b <unknown>\nE       #7 0x5608e0b009a3 <unknown>\nE       #8 0x5608e0acc60e <unknown>\nE       #9 0x5608e0acddd1 <unknown>\nE       #10 0x5608e0f97ddb <unknown>\nE       #11 0x5608e0f9bcbc <unknown>\nE       #12 0x5608e0f7f392 <unknown>\nE       #13 0x5608e0f9c834 <unknown>\nE       #14 0x5608e0f631ef <unknown>\nE       #15 0x5608e0fc0038 <unknown>\nE       #16 0x5608e0fc0216 <unknown>\nE       #17 0x5608e0fd0896 <unknown>\nE       #18 0x7f5a07c9caa4 <unknown>\nE       #19 0x7f5a07d29c3c <unknown>\n\n/opt/hostedtoolcache/Python/3.13.2/x64/lib/python3.13/site-packages/selenium/webdriver/support/wait.py:105: TimeoutException","steps":[{"name":"Click authorisation button","time":{"start":1743404388113,"stop":1743404397278,"duration":9165},"status":"passed","steps":[{"name":"Get authorisation button","time":{"start":1743404388113,"stop":1743404388123,"duration":10},"status":"passed","steps":[],"attachments":[],"parameters":[],"shouldDisplayMessage":false,"stepsCount":0,"attachmentsCount":0,"hasContent":false,"attachmentStep":false}],"attachments":[],"parameters":[],"shouldDisplayMessage":false,"stepsCount":1,"attachmentsCount":0,"hasContent":true,"attachmentStep":false}],"attachments":[],"parameters":[],"shouldDisplayMessage":true,"stepsCount":2,"attachmentsCount":0,"hasContent":true,"attachmentStep":false},"afterStages":[{"name":"_unittest_setUpClass_fixture_TestPromotionChecklist::0","time":{"start":1743404780460,"stop":1743404780460,"duration":0},"status":"passed","steps":[],"attachments":[],"parameters":[],"shouldDisplayMessage":false,"stepsCount":0,"attachmentsCount":0,"hasContent":false,"attachmentStep":false}],"labels":[{"name":"tag","value":"@pytest.mark.filterwarnings('ignore::DeprecationWarning')"},{"name":"parentSuite","value":"tests"},{"name":"suite","value":"test_checklist"},{"name":"subSuite","value":"TestPromotionChecklist"},{"name":"host","value":"fv-az1787-927"},{"name":"thread","value":"2172-MainThread"},{"name":"framework","value":"pytest"},{"name":"language","value":"cpython3"},{"name":"package","value":"tests.test_checklist"},{"name":"resultFormat","value":"allure2"}],"parameters":[],"links":[],"hidden":false,"retry":false,"extra":{"severity":"normal","retries":[],"categories":[{"name":"Test defects","matchedStatuses":[]}],"tags":["@pytest.mark.filterwarnings('ignore::DeprecationWarning')"]},"source":"1360a0537eb1c98f.json","parameterValues":[]}