{"uid":"4a910daa43569115","name":"test_currency_code_0_239","fullName":"tests.test_checklist.TestPromotionChecklist#test_currency_code_0_239","historyId":"fe6f5c81dbcecc31825458dda564f3fd","time":{"start":1743404162146,"stop":1743404203566,"duration":41420},"status":"broken","statusMessage":"selenium.common.exceptions.TimeoutException: Message: \nStacktrace:\n#0 0x55820195da1a <unknown>\n#1 0x558201415390 <unknown>\n#2 0x558201466c85 <unknown>\n#3 0x558201466eb1 <unknown>\n#4 0x5582014b5d64 <unknown>\n#5 0x55820148cbfd <unknown>\n#6 0x5582014b307b <unknown>\n#7 0x55820148c9a3 <unknown>\n#8 0x55820145860e <unknown>\n#9 0x558201459dd1 <unknown>\n#10 0x558201923ddb <unknown>\n#11 0x558201927cbc <unknown>\n#12 0x55820190b392 <unknown>\n#13 0x558201928834 <unknown>\n#14 0x5582018ef1ef <unknown>\n#15 0x55820194c038 <unknown>\n#16 0x55820194c216 <unknown>\n#17 0x55820195c896 <unknown>\n#18 0x7fe647a9caa4 <unknown>\n#19 0x7fe647b29c3c <unknown>","statusTrace":"a = (<tests.test_checklist.TestPromotionChecklist testMethod=test_currency_code_0_239>,)\nkw = {}\n\n    @wraps(func)\n    def standalone_func(*a, **kw):\n>       return func(*(a + p.args), **p.kwargs, **kw)\n\n/opt/hostedtoolcache/Python/3.13.2/x64/lib/python3.13/site-packages/parameterized/parameterized.py:620: \n_ _ _ _ _ _ _ _ _ _ _ _ _ _ _ _ _ _ _ _ _ _ _ _ _ _ _ _ _ _ _ _ _ _ _ _ _ _ _ _ \ntests/test_checklist.py:308: in test_currency_code\n    WebDriverWait(self.driver, 30).until(EC.element_to_be_clickable(SOURCE_ID))\n_ _ _ _ _ _ _ _ _ _ _ _ _ _ _ _ _ _ _ _ _ _ _ _ _ _ _ _ _ _ _ _ _ _ _ _ _ _ _ _ \n\nself = <selenium.webdriver.support.wait.WebDriverWait (session=\"4860af17416baa4bc6042fa3d82f5820\")>\nmethod = <function element_to_be_clickable.<locals>._predicate at 0x7f2ec6a382c0>\nmessage = ''\n\n    def until(self, method: Callable[[D], Union[Literal[False], T]], message: str = \"\") -> T:\n        \"\"\"Calls the method provided with the driver as an argument until the \\\n        return value does not evaluate to ``False``.\n    \n        :param method: callable(WebDriver)\n        :param message: optional message for :exc:`TimeoutException`\n        :returns: the result of the last call to `method`\n        :raises: :exc:`selenium.common.exceptions.TimeoutException` if timeout occurs\n        \"\"\"\n        screen = None\n        stacktrace = None\n    \n        end_time = time.monotonic() + self._timeout\n        while True:\n            try:\n                value = method(self._driver)\n                if value:\n                    return value\n            except self._ignored_exceptions as exc:\n                screen = getattr(exc, \"screen\", None)\n                stacktrace = getattr(exc, \"stacktrace\", None)\n            if time.monotonic() > end_time:\n                break\n            time.sleep(self._poll)\n>       raise TimeoutException(message, screen, stacktrace)\nE       selenium.common.exceptions.TimeoutException: Message: \nE       Stacktrace:\nE       #0 0x55820195da1a <unknown>\nE       #1 0x558201415390 <unknown>\nE       #2 0x558201466c85 <unknown>\nE       #3 0x558201466eb1 <unknown>\nE       #4 0x5582014b5d64 <unknown>\nE       #5 0x55820148cbfd <unknown>\nE       #6 0x5582014b307b <unknown>\nE       #7 0x55820148c9a3 <unknown>\nE       #8 0x55820145860e <unknown>\nE       #9 0x558201459dd1 <unknown>\nE       #10 0x558201923ddb <unknown>\nE       #11 0x558201927cbc <unknown>\nE       #12 0x55820190b392 <unknown>\nE       #13 0x558201928834 <unknown>\nE       #14 0x5582018ef1ef <unknown>\nE       #15 0x55820194c038 <unknown>\nE       #16 0x55820194c216 <unknown>\nE       #17 0x55820195c896 <unknown>\nE       #18 0x7fe647a9caa4 <unknown>\nE       #19 0x7fe647b29c3c <unknown>\n\n/opt/hostedtoolcache/Python/3.13.2/x64/lib/python3.13/site-packages/selenium/webdriver/support/wait.py:105: TimeoutException","flaky":false,"newFailed":false,"newBroken":false,"newPassed":false,"retriesCount":0,"retriesStatusChange":false,"beforeStages":[{"name":"_unittest_setUpClass_fixture_TestPromotionChecklist","time":{"start":1743404093170,"stop":1743404093170,"duration":0},"status":"passed","steps":[],"attachments":[],"parameters":[],"shouldDisplayMessage":false,"stepsCount":0,"attachmentsCount":0,"hasContent":false,"attachmentStep":false}],"testStage":{"status":"broken","statusMessage":"selenium.common.exceptions.TimeoutException: Message: \nStacktrace:\n#0 0x55820195da1a <unknown>\n#1 0x558201415390 <unknown>\n#2 0x558201466c85 <unknown>\n#3 0x558201466eb1 <unknown>\n#4 0x5582014b5d64 <unknown>\n#5 0x55820148cbfd <unknown>\n#6 0x5582014b307b <unknown>\n#7 0x55820148c9a3 <unknown>\n#8 0x55820145860e <unknown>\n#9 0x558201459dd1 <unknown>\n#10 0x558201923ddb <unknown>\n#11 0x558201927cbc <unknown>\n#12 0x55820190b392 <unknown>\n#13 0x558201928834 <unknown>\n#14 0x5582018ef1ef <unknown>\n#15 0x55820194c038 <unknown>\n#16 0x55820194c216 <unknown>\n#17 0x55820195c896 <unknown>\n#18 0x7fe647a9caa4 <unknown>\n#19 0x7fe647b29c3c <unknown>","statusTrace":"a = (<tests.test_checklist.TestPromotionChecklist testMethod=test_currency_code_0_239>,)\nkw = {}\n\n    @wraps(func)\n    def standalone_func(*a, **kw):\n>       return func(*(a + p.args), **p.kwargs, **kw)\n\n/opt/hostedtoolcache/Python/3.13.2/x64/lib/python3.13/site-packages/parameterized/parameterized.py:620: \n_ _ _ _ _ _ _ _ _ _ _ _ _ _ _ _ _ _ _ _ _ _ _ _ _ _ _ _ _ _ _ _ _ _ _ _ _ _ _ _ \ntests/test_checklist.py:308: in test_currency_code\n    WebDriverWait(self.driver, 30).until(EC.element_to_be_clickable(SOURCE_ID))\n_ _ _ _ _ _ _ _ _ _ _ _ _ _ _ _ _ _ _ _ _ _ _ _ _ _ _ _ _ _ _ _ _ _ _ _ _ _ _ _ \n\nself = <selenium.webdriver.support.wait.WebDriverWait (session=\"4860af17416baa4bc6042fa3d82f5820\")>\nmethod = <function element_to_be_clickable.<locals>._predicate at 0x7f2ec6a382c0>\nmessage = ''\n\n    def until(self, method: Callable[[D], Union[Literal[False], T]], message: str = \"\") -> T:\n        \"\"\"Calls the method provided with the driver as an argument until the \\\n        return value does not evaluate to ``False``.\n    \n        :param method: callable(WebDriver)\n        :param message: optional message for :exc:`TimeoutException`\n        :returns: the result of the last call to `method`\n        :raises: :exc:`selenium.common.exceptions.TimeoutException` if timeout occurs\n        \"\"\"\n        screen = None\n        stacktrace = None\n    \n        end_time = time.monotonic() + self._timeout\n        while True:\n            try:\n                value = method(self._driver)\n                if value:\n                    return value\n            except self._ignored_exceptions as exc:\n                screen = getattr(exc, \"screen\", None)\n                stacktrace = getattr(exc, \"stacktrace\", None)\n            if time.monotonic() > end_time:\n                break\n            time.sleep(self._poll)\n>       raise TimeoutException(message, screen, stacktrace)\nE       selenium.common.exceptions.TimeoutException: Message: \nE       Stacktrace:\nE       #0 0x55820195da1a <unknown>\nE       #1 0x558201415390 <unknown>\nE       #2 0x558201466c85 <unknown>\nE       #3 0x558201466eb1 <unknown>\nE       #4 0x5582014b5d64 <unknown>\nE       #5 0x55820148cbfd <unknown>\nE       #6 0x5582014b307b <unknown>\nE       #7 0x55820148c9a3 <unknown>\nE       #8 0x55820145860e <unknown>\nE       #9 0x558201459dd1 <unknown>\nE       #10 0x558201923ddb <unknown>\nE       #11 0x558201927cbc <unknown>\nE       #12 0x55820190b392 <unknown>\nE       #13 0x558201928834 <unknown>\nE       #14 0x5582018ef1ef <unknown>\nE       #15 0x55820194c038 <unknown>\nE       #16 0x55820194c216 <unknown>\nE       #17 0x55820195c896 <unknown>\nE       #18 0x7fe647a9caa4 <unknown>\nE       #19 0x7fe647b29c3c <unknown>\n\n/opt/hostedtoolcache/Python/3.13.2/x64/lib/python3.13/site-packages/selenium/webdriver/support/wait.py:105: TimeoutException","steps":[{"name":"Click authorisation button","time":{"start":1743404162855,"stop":1743404172335,"duration":9480},"status":"passed","steps":[{"name":"Get authorisation button","time":{"start":1743404162855,"stop":1743404162866,"duration":11},"status":"passed","steps":[],"attachments":[],"parameters":[],"shouldDisplayMessage":false,"stepsCount":0,"attachmentsCount":0,"hasContent":false,"attachmentStep":false}],"attachments":[],"parameters":[],"shouldDisplayMessage":false,"stepsCount":1,"attachmentsCount":0,"hasContent":true,"attachmentStep":false}],"attachments":[],"parameters":[],"shouldDisplayMessage":true,"stepsCount":2,"attachmentsCount":0,"hasContent":true,"attachmentStep":false},"afterStages":[{"name":"_unittest_setUpClass_fixture_TestPromotionChecklist::0","time":{"start":1743404780460,"stop":1743404780460,"duration":0},"status":"passed","steps":[],"attachments":[],"parameters":[],"shouldDisplayMessage":false,"stepsCount":0,"attachmentsCount":0,"hasContent":false,"attachmentStep":false}],"labels":[{"name":"tag","value":"@pytest.mark.filterwarnings('ignore::DeprecationWarning')"},{"name":"parentSuite","value":"tests"},{"name":"suite","value":"test_checklist"},{"name":"subSuite","value":"TestPromotionChecklist"},{"name":"host","value":"fv-az1787-927"},{"name":"thread","value":"2172-MainThread"},{"name":"framework","value":"pytest"},{"name":"language","value":"cpython3"},{"name":"package","value":"tests.test_checklist"},{"name":"resultFormat","value":"allure2"}],"parameters":[],"links":[],"hidden":false,"retry":false,"extra":{"severity":"normal","retries":[],"categories":[{"name":"Test defects","matchedStatuses":[]}],"tags":["@pytest.mark.filterwarnings('ignore::DeprecationWarning')"]},"source":"4a910daa43569115.json","parameterValues":[]}