{"uid":"580cf44d9aec41d0","name":"test_kww_region_0_31","fullName":"tests.test_checklist.TestPromotionChecklist#test_kww_region_0_31","historyId":"1aa00652ffae798ff289ea0959e10f21","time":{"start":1740640816015,"stop":1740640848805,"duration":32790},"status":"broken","statusMessage":"selenium.common.exceptions.TimeoutException: Message: \nStacktrace:\n#0 0x562947024bea <unknown>\n#1 0x562946ac27d0 <unknown>\n#2 0x562946b13cc0 <unknown>\n#3 0x562946b13e41 <unknown>\n#4 0x562946b62984 <unknown>\n#5 0x562946b39abd <unknown>\n#6 0x562946b5fd0c <unknown>\n#7 0x562946b39863 <unknown>\n#8 0x562946b05ac8 <unknown>\n#9 0x562946b06c31 <unknown>\n#10 0x562946fee18b <unknown>\n#11 0x562946ff2112 <unknown>\n#12 0x562946fdb04c <unknown>\n#13 0x562946ff2d04 <unknown>\n#14 0x562946fbf4bf <unknown>\n#15 0x562947013528 <unknown>\n#16 0x5629470136f9 <unknown>\n#17 0x562947023a66 <unknown>\n#18 0x7efcb1a9caa4 <unknown>\n#19 0x7efcb1b29c3c <unknown>","statusTrace":"a = (<tests.test_checklist.TestPromotionChecklist testMethod=test_kww_region_0_31>,)\nkw = {}\n\n    @wraps(func)\n    def standalone_func(*a, **kw):\n>       return func(*(a + p.args), **p.kwargs, **kw)\n\n/opt/hostedtoolcache/Python/3.13.2/x64/lib/python3.13/site-packages/parameterized/parameterized.py:620: \n_ _ _ _ _ _ _ _ _ _ _ _ _ _ _ _ _ _ _ _ _ _ _ _ _ _ _ _ _ _ _ _ _ _ _ _ _ _ _ _ \ntests/test_checklist.py:396: in test_kww_region\n    WebDriverWait(self.driver, 30).until(EC.element_to_be_clickable(SOURCE_ID))\n_ _ _ _ _ _ _ _ _ _ _ _ _ _ _ _ _ _ _ _ _ _ _ _ _ _ _ _ _ _ _ _ _ _ _ _ _ _ _ _ \n\nself = <selenium.webdriver.support.wait.WebDriverWait (session=\"61cbc1a9644f36a62c644ef0ca46bea0\")>\nmethod = <function element_to_be_clickable.<locals>._predicate at 0x7f8de39d1940>\nmessage = ''\n\n    def until(self, method: Callable[[D], Union[Literal[False], T]], message: str = \"\") -> T:\n        \"\"\"Calls the method provided with the driver as an argument until the \\\n        return value does not evaluate to ``False``.\n    \n        :param method: callable(WebDriver)\n        :param message: optional message for :exc:`TimeoutException`\n        :returns: the result of the last call to `method`\n        :raises: :exc:`selenium.common.exceptions.TimeoutException` if timeout occurs\n        \"\"\"\n        screen = None\n        stacktrace = None\n    \n        end_time = time.monotonic() + self._timeout\n        while True:\n            try:\n                value = method(self._driver)\n                if value:\n                    return value\n            except self._ignored_exceptions as exc:\n                screen = getattr(exc, \"screen\", None)\n                stacktrace = getattr(exc, \"stacktrace\", None)\n            if time.monotonic() > end_time:\n                break\n            time.sleep(self._poll)\n>       raise TimeoutException(message, screen, stacktrace)\nE       selenium.common.exceptions.TimeoutException: Message: \nE       Stacktrace:\nE       #0 0x562947024bea <unknown>\nE       #1 0x562946ac27d0 <unknown>\nE       #2 0x562946b13cc0 <unknown>\nE       #3 0x562946b13e41 <unknown>\nE       #4 0x562946b62984 <unknown>\nE       #5 0x562946b39abd <unknown>\nE       #6 0x562946b5fd0c <unknown>\nE       #7 0x562946b39863 <unknown>\nE       #8 0x562946b05ac8 <unknown>\nE       #9 0x562946b06c31 <unknown>\nE       #10 0x562946fee18b <unknown>\nE       #11 0x562946ff2112 <unknown>\nE       #12 0x562946fdb04c <unknown>\nE       #13 0x562946ff2d04 <unknown>\nE       #14 0x562946fbf4bf <unknown>\nE       #15 0x562947013528 <unknown>\nE       #16 0x5629470136f9 <unknown>\nE       #17 0x562947023a66 <unknown>\nE       #18 0x7efcb1a9caa4 <unknown>\nE       #19 0x7efcb1b29c3c <unknown>\n\n/opt/hostedtoolcache/Python/3.13.2/x64/lib/python3.13/site-packages/selenium/webdriver/support/wait.py:105: TimeoutException","flaky":false,"newFailed":false,"newBroken":false,"newPassed":false,"retriesCount":0,"retriesStatusChange":false,"beforeStages":[{"name":"_unittest_setUpClass_fixture_TestPromotionChecklist","time":{"start":1740640676878,"stop":1740640676878,"duration":0},"status":"passed","steps":[],"attachments":[],"parameters":[],"shouldDisplayMessage":false,"stepsCount":0,"attachmentsCount":0,"hasContent":false,"attachmentStep":false}],"testStage":{"status":"broken","statusMessage":"selenium.common.exceptions.TimeoutException: Message: \nStacktrace:\n#0 0x562947024bea <unknown>\n#1 0x562946ac27d0 <unknown>\n#2 0x562946b13cc0 <unknown>\n#3 0x562946b13e41 <unknown>\n#4 0x562946b62984 <unknown>\n#5 0x562946b39abd <unknown>\n#6 0x562946b5fd0c <unknown>\n#7 0x562946b39863 <unknown>\n#8 0x562946b05ac8 <unknown>\n#9 0x562946b06c31 <unknown>\n#10 0x562946fee18b <unknown>\n#11 0x562946ff2112 <unknown>\n#12 0x562946fdb04c <unknown>\n#13 0x562946ff2d04 <unknown>\n#14 0x562946fbf4bf <unknown>\n#15 0x562947013528 <unknown>\n#16 0x5629470136f9 <unknown>\n#17 0x562947023a66 <unknown>\n#18 0x7efcb1a9caa4 <unknown>\n#19 0x7efcb1b29c3c <unknown>","statusTrace":"a = (<tests.test_checklist.TestPromotionChecklist testMethod=test_kww_region_0_31>,)\nkw = {}\n\n    @wraps(func)\n    def standalone_func(*a, **kw):\n>       return func(*(a + p.args), **p.kwargs, **kw)\n\n/opt/hostedtoolcache/Python/3.13.2/x64/lib/python3.13/site-packages/parameterized/parameterized.py:620: \n_ _ _ _ _ _ _ _ _ _ _ _ _ _ _ _ _ _ _ _ _ _ _ _ _ _ _ _ _ _ _ _ _ _ _ _ _ _ _ _ \ntests/test_checklist.py:396: in test_kww_region\n    WebDriverWait(self.driver, 30).until(EC.element_to_be_clickable(SOURCE_ID))\n_ _ _ _ _ _ _ _ _ _ _ _ _ _ _ _ _ _ _ _ _ _ _ _ _ _ _ _ _ _ _ _ _ _ _ _ _ _ _ _ \n\nself = <selenium.webdriver.support.wait.WebDriverWait (session=\"61cbc1a9644f36a62c644ef0ca46bea0\")>\nmethod = <function element_to_be_clickable.<locals>._predicate at 0x7f8de39d1940>\nmessage = ''\n\n    def until(self, method: Callable[[D], Union[Literal[False], T]], message: str = \"\") -> T:\n        \"\"\"Calls the method provided with the driver as an argument until the \\\n        return value does not evaluate to ``False``.\n    \n        :param method: callable(WebDriver)\n        :param message: optional message for :exc:`TimeoutException`\n        :returns: the result of the last call to `method`\n        :raises: :exc:`selenium.common.exceptions.TimeoutException` if timeout occurs\n        \"\"\"\n        screen = None\n        stacktrace = None\n    \n        end_time = time.monotonic() + self._timeout\n        while True:\n            try:\n                value = method(self._driver)\n                if value:\n                    return value\n            except self._ignored_exceptions as exc:\n                screen = getattr(exc, \"screen\", None)\n                stacktrace = getattr(exc, \"stacktrace\", None)\n            if time.monotonic() > end_time:\n                break\n            time.sleep(self._poll)\n>       raise TimeoutException(message, screen, stacktrace)\nE       selenium.common.exceptions.TimeoutException: Message: \nE       Stacktrace:\nE       #0 0x562947024bea <unknown>\nE       #1 0x562946ac27d0 <unknown>\nE       #2 0x562946b13cc0 <unknown>\nE       #3 0x562946b13e41 <unknown>\nE       #4 0x562946b62984 <unknown>\nE       #5 0x562946b39abd <unknown>\nE       #6 0x562946b5fd0c <unknown>\nE       #7 0x562946b39863 <unknown>\nE       #8 0x562946b05ac8 <unknown>\nE       #9 0x562946b06c31 <unknown>\nE       #10 0x562946fee18b <unknown>\nE       #11 0x562946ff2112 <unknown>\nE       #12 0x562946fdb04c <unknown>\nE       #13 0x562946ff2d04 <unknown>\nE       #14 0x562946fbf4bf <unknown>\nE       #15 0x562947013528 <unknown>\nE       #16 0x5629470136f9 <unknown>\nE       #17 0x562947023a66 <unknown>\nE       #18 0x7efcb1a9caa4 <unknown>\nE       #19 0x7efcb1b29c3c <unknown>\n\n/opt/hostedtoolcache/Python/3.13.2/x64/lib/python3.13/site-packages/selenium/webdriver/support/wait.py:105: TimeoutException","steps":[{"name":"Click authorisation button","time":{"start":1740640816780,"stop":1740640817551,"duration":771},"status":"passed","steps":[{"name":"Get authorisation button","time":{"start":1740640816780,"stop":1740640816790,"duration":10},"status":"passed","steps":[],"attachments":[],"parameters":[],"shouldDisplayMessage":false,"stepsCount":0,"attachmentsCount":0,"hasContent":false,"attachmentStep":false}],"attachments":[],"parameters":[],"shouldDisplayMessage":false,"stepsCount":1,"attachmentsCount":0,"hasContent":true,"attachmentStep":false}],"attachments":[],"parameters":[],"shouldDisplayMessage":true,"stepsCount":2,"attachmentsCount":0,"hasContent":true,"attachmentStep":false},"afterStages":[{"name":"_unittest_setUpClass_fixture_TestPromotionChecklist::0","time":{"start":1740641410367,"stop":1740641410367,"duration":0},"status":"passed","steps":[],"attachments":[],"parameters":[],"shouldDisplayMessage":false,"stepsCount":0,"attachmentsCount":0,"hasContent":false,"attachmentStep":false}],"labels":[{"name":"tag","value":"@pytest.mark.filterwarnings('ignore::DeprecationWarning')"},{"name":"parentSuite","value":"tests"},{"name":"suite","value":"test_checklist"},{"name":"subSuite","value":"TestPromotionChecklist"},{"name":"host","value":"fv-az1277-584"},{"name":"thread","value":"4014-MainThread"},{"name":"framework","value":"pytest"},{"name":"language","value":"cpython3"},{"name":"package","value":"tests.test_checklist"},{"name":"resultFormat","value":"allure2"}],"parameters":[],"links":[],"hidden":false,"retry":false,"extra":{"severity":"normal","retries":[],"categories":[{"name":"Test defects","matchedStatuses":[],"flaky":false}],"tags":["@pytest.mark.filterwarnings('ignore::DeprecationWarning')"]},"source":"580cf44d9aec41d0.json","parameterValues":[]}