{"uid":"63c6226eff66a015","name":"test_list_agent_preferred_phone_0_31","fullName":"tests.test_checklist.TestPromotionChecklist#test_list_agent_preferred_phone_0_31","historyId":"f94b8e5527ed8379eed044e18a65b8e2","time":{"start":1740641050171,"stop":1740641083032,"duration":32861},"status":"broken","statusMessage":"selenium.common.exceptions.TimeoutException: Message: \nStacktrace:\n#0 0x55f16252abea <unknown>\n#1 0x55f161fc87d0 <unknown>\n#2 0x55f162019cc0 <unknown>\n#3 0x55f162019e41 <unknown>\n#4 0x55f162068984 <unknown>\n#5 0x55f16203fabd <unknown>\n#6 0x55f162065d0c <unknown>\n#7 0x55f16203f863 <unknown>\n#8 0x55f16200bac8 <unknown>\n#9 0x55f16200cc31 <unknown>\n#10 0x55f1624f418b <unknown>\n#11 0x55f1624f8112 <unknown>\n#12 0x55f1624e104c <unknown>\n#13 0x55f1624f8d04 <unknown>\n#14 0x55f1624c54bf <unknown>\n#15 0x55f162519528 <unknown>\n#16 0x55f1625196f9 <unknown>\n#17 0x55f162529a66 <unknown>\n#18 0x7f196dc9caa4 <unknown>\n#19 0x7f196dd29c3c <unknown>","statusTrace":"a = (<tests.test_checklist.TestPromotionChecklist testMethod=test_list_agent_preferred_phone_0_31>,)\nkw = {}\n\n    @wraps(func)\n    def standalone_func(*a, **kw):\n>       return func(*(a + p.args), **p.kwargs, **kw)\n\n/opt/hostedtoolcache/Python/3.13.2/x64/lib/python3.13/site-packages/parameterized/parameterized.py:620: \n_ _ _ _ _ _ _ _ _ _ _ _ _ _ _ _ _ _ _ _ _ _ _ _ _ _ _ _ _ _ _ _ _ _ _ _ _ _ _ _ \ntests/test_checklist.py:223: in test_list_agent_preferred_phone\n    WebDriverWait(self.driver, 30).until(EC.element_to_be_clickable(SOURCE_ID))\n_ _ _ _ _ _ _ _ _ _ _ _ _ _ _ _ _ _ _ _ _ _ _ _ _ _ _ _ _ _ _ _ _ _ _ _ _ _ _ _ \n\nself = <selenium.webdriver.support.wait.WebDriverWait (session=\"0c3a02ec3df03d39ffbbe41d8bddf888\")>\nmethod = <function element_to_be_clickable.<locals>._predicate at 0x7f8de39d2340>\nmessage = ''\n\n    def until(self, method: Callable[[D], Union[Literal[False], T]], message: str = \"\") -> T:\n        \"\"\"Calls the method provided with the driver as an argument until the \\\n        return value does not evaluate to ``False``.\n    \n        :param method: callable(WebDriver)\n        :param message: optional message for :exc:`TimeoutException`\n        :returns: the result of the last call to `method`\n        :raises: :exc:`selenium.common.exceptions.TimeoutException` if timeout occurs\n        \"\"\"\n        screen = None\n        stacktrace = None\n    \n        end_time = time.monotonic() + self._timeout\n        while True:\n            try:\n                value = method(self._driver)\n                if value:\n                    return value\n            except self._ignored_exceptions as exc:\n                screen = getattr(exc, \"screen\", None)\n                stacktrace = getattr(exc, \"stacktrace\", None)\n            if time.monotonic() > end_time:\n                break\n            time.sleep(self._poll)\n>       raise TimeoutException(message, screen, stacktrace)\nE       selenium.common.exceptions.TimeoutException: Message: \nE       Stacktrace:\nE       #0 0x55f16252abea <unknown>\nE       #1 0x55f161fc87d0 <unknown>\nE       #2 0x55f162019cc0 <unknown>\nE       #3 0x55f162019e41 <unknown>\nE       #4 0x55f162068984 <unknown>\nE       #5 0x55f16203fabd <unknown>\nE       #6 0x55f162065d0c <unknown>\nE       #7 0x55f16203f863 <unknown>\nE       #8 0x55f16200bac8 <unknown>\nE       #9 0x55f16200cc31 <unknown>\nE       #10 0x55f1624f418b <unknown>\nE       #11 0x55f1624f8112 <unknown>\nE       #12 0x55f1624e104c <unknown>\nE       #13 0x55f1624f8d04 <unknown>\nE       #14 0x55f1624c54bf <unknown>\nE       #15 0x55f162519528 <unknown>\nE       #16 0x55f1625196f9 <unknown>\nE       #17 0x55f162529a66 <unknown>\nE       #18 0x7f196dc9caa4 <unknown>\nE       #19 0x7f196dd29c3c <unknown>\n\n/opt/hostedtoolcache/Python/3.13.2/x64/lib/python3.13/site-packages/selenium/webdriver/support/wait.py:105: TimeoutException","flaky":false,"newFailed":false,"newBroken":false,"newPassed":false,"retriesCount":0,"retriesStatusChange":false,"beforeStages":[{"name":"_unittest_setUpClass_fixture_TestPromotionChecklist","time":{"start":1740640676878,"stop":1740640676878,"duration":0},"status":"passed","steps":[],"attachments":[],"parameters":[],"shouldDisplayMessage":false,"stepsCount":0,"attachmentsCount":0,"hasContent":false,"attachmentStep":false}],"testStage":{"status":"broken","statusMessage":"selenium.common.exceptions.TimeoutException: Message: \nStacktrace:\n#0 0x55f16252abea <unknown>\n#1 0x55f161fc87d0 <unknown>\n#2 0x55f162019cc0 <unknown>\n#3 0x55f162019e41 <unknown>\n#4 0x55f162068984 <unknown>\n#5 0x55f16203fabd <unknown>\n#6 0x55f162065d0c <unknown>\n#7 0x55f16203f863 <unknown>\n#8 0x55f16200bac8 <unknown>\n#9 0x55f16200cc31 <unknown>\n#10 0x55f1624f418b <unknown>\n#11 0x55f1624f8112 <unknown>\n#12 0x55f1624e104c <unknown>\n#13 0x55f1624f8d04 <unknown>\n#14 0x55f1624c54bf <unknown>\n#15 0x55f162519528 <unknown>\n#16 0x55f1625196f9 <unknown>\n#17 0x55f162529a66 <unknown>\n#18 0x7f196dc9caa4 <unknown>\n#19 0x7f196dd29c3c <unknown>","statusTrace":"a = (<tests.test_checklist.TestPromotionChecklist testMethod=test_list_agent_preferred_phone_0_31>,)\nkw = {}\n\n    @wraps(func)\n    def standalone_func(*a, **kw):\n>       return func(*(a + p.args), **p.kwargs, **kw)\n\n/opt/hostedtoolcache/Python/3.13.2/x64/lib/python3.13/site-packages/parameterized/parameterized.py:620: \n_ _ _ _ _ _ _ _ _ _ _ _ _ _ _ _ _ _ _ _ _ _ _ _ _ _ _ _ _ _ _ _ _ _ _ _ _ _ _ _ \ntests/test_checklist.py:223: in test_list_agent_preferred_phone\n    WebDriverWait(self.driver, 30).until(EC.element_to_be_clickable(SOURCE_ID))\n_ _ _ _ _ _ _ _ _ _ _ _ _ _ _ _ _ _ _ _ _ _ _ _ _ _ _ _ _ _ _ _ _ _ _ _ _ _ _ _ \n\nself = <selenium.webdriver.support.wait.WebDriverWait (session=\"0c3a02ec3df03d39ffbbe41d8bddf888\")>\nmethod = <function element_to_be_clickable.<locals>._predicate at 0x7f8de39d2340>\nmessage = ''\n\n    def until(self, method: Callable[[D], Union[Literal[False], T]], message: str = \"\") -> T:\n        \"\"\"Calls the method provided with the driver as an argument until the \\\n        return value does not evaluate to ``False``.\n    \n        :param method: callable(WebDriver)\n        :param message: optional message for :exc:`TimeoutException`\n        :returns: the result of the last call to `method`\n        :raises: :exc:`selenium.common.exceptions.TimeoutException` if timeout occurs\n        \"\"\"\n        screen = None\n        stacktrace = None\n    \n        end_time = time.monotonic() + self._timeout\n        while True:\n            try:\n                value = method(self._driver)\n                if value:\n                    return value\n            except self._ignored_exceptions as exc:\n                screen = getattr(exc, \"screen\", None)\n                stacktrace = getattr(exc, \"stacktrace\", None)\n            if time.monotonic() > end_time:\n                break\n            time.sleep(self._poll)\n>       raise TimeoutException(message, screen, stacktrace)\nE       selenium.common.exceptions.TimeoutException: Message: \nE       Stacktrace:\nE       #0 0x55f16252abea <unknown>\nE       #1 0x55f161fc87d0 <unknown>\nE       #2 0x55f162019cc0 <unknown>\nE       #3 0x55f162019e41 <unknown>\nE       #4 0x55f162068984 <unknown>\nE       #5 0x55f16203fabd <unknown>\nE       #6 0x55f162065d0c <unknown>\nE       #7 0x55f16203f863 <unknown>\nE       #8 0x55f16200bac8 <unknown>\nE       #9 0x55f16200cc31 <unknown>\nE       #10 0x55f1624f418b <unknown>\nE       #11 0x55f1624f8112 <unknown>\nE       #12 0x55f1624e104c <unknown>\nE       #13 0x55f1624f8d04 <unknown>\nE       #14 0x55f1624c54bf <unknown>\nE       #15 0x55f162519528 <unknown>\nE       #16 0x55f1625196f9 <unknown>\nE       #17 0x55f162529a66 <unknown>\nE       #18 0x7f196dc9caa4 <unknown>\nE       #19 0x7f196dd29c3c <unknown>\n\n/opt/hostedtoolcache/Python/3.13.2/x64/lib/python3.13/site-packages/selenium/webdriver/support/wait.py:105: TimeoutException","steps":[{"name":"Click authorisation button","time":{"start":1740641050969,"stop":1740641051777,"duration":808},"status":"passed","steps":[{"name":"Get authorisation button","time":{"start":1740641050969,"stop":1740641050980,"duration":11},"status":"passed","steps":[],"attachments":[],"parameters":[],"shouldDisplayMessage":false,"stepsCount":0,"attachmentsCount":0,"hasContent":false,"attachmentStep":false}],"attachments":[],"parameters":[],"shouldDisplayMessage":false,"stepsCount":1,"attachmentsCount":0,"hasContent":true,"attachmentStep":false}],"attachments":[],"parameters":[],"shouldDisplayMessage":true,"stepsCount":2,"attachmentsCount":0,"hasContent":true,"attachmentStep":false},"afterStages":[{"name":"_unittest_setUpClass_fixture_TestPromotionChecklist::0","time":{"start":1740641410367,"stop":1740641410367,"duration":0},"status":"passed","steps":[],"attachments":[],"parameters":[],"shouldDisplayMessage":false,"stepsCount":0,"attachmentsCount":0,"hasContent":false,"attachmentStep":false}],"labels":[{"name":"tag","value":"@pytest.mark.filterwarnings('ignore::DeprecationWarning')"},{"name":"parentSuite","value":"tests"},{"name":"suite","value":"test_checklist"},{"name":"subSuite","value":"TestPromotionChecklist"},{"name":"host","value":"fv-az1277-584"},{"name":"thread","value":"4014-MainThread"},{"name":"framework","value":"pytest"},{"name":"language","value":"cpython3"},{"name":"package","value":"tests.test_checklist"},{"name":"resultFormat","value":"allure2"}],"parameters":[],"links":[],"hidden":false,"retry":false,"extra":{"severity":"normal","retries":[],"categories":[{"name":"Test defects","matchedStatuses":[],"flaky":false}],"tags":["@pytest.mark.filterwarnings('ignore::DeprecationWarning')"]},"source":"63c6226eff66a015.json","parameterValues":[]}