{"uid":"8f7b94eb93b6432a","name":"test_list_address_nullifier_const_0_239","fullName":"tests.test_checklist.TestPromotionChecklist#test_list_address_nullifier_const_0_239","historyId":"9205e5c1ef1729d0123e9113f1ba5b67","time":{"start":1743404330481,"stop":1743404368926,"duration":38445},"status":"broken","statusMessage":"selenium.common.exceptions.TimeoutException: Message: \nStacktrace:\n#0 0x555da1e18a1a <unknown>\n#1 0x555da18d0390 <unknown>\n#2 0x555da1921c85 <unknown>\n#3 0x555da1921eb1 <unknown>\n#4 0x555da1970d64 <unknown>\n#5 0x555da1947bfd <unknown>\n#6 0x555da196e07b <unknown>\n#7 0x555da19479a3 <unknown>\n#8 0x555da191360e <unknown>\n#9 0x555da1914dd1 <unknown>\n#10 0x555da1ddeddb <unknown>\n#11 0x555da1de2cbc <unknown>\n#12 0x555da1dc6392 <unknown>\n#13 0x555da1de3834 <unknown>\n#14 0x555da1daa1ef <unknown>\n#15 0x555da1e07038 <unknown>\n#16 0x555da1e07216 <unknown>\n#17 0x555da1e17896 <unknown>\n#18 0x7f3962a9caa4 <unknown>\n#19 0x7f3962b29c3c <unknown>","statusTrace":"a = (<tests.test_checklist.TestPromotionChecklist testMethod=test_list_address_nullifier_const_0_239>,)\nkw = {}\n\n    @wraps(func)\n    def standalone_func(*a, **kw):\n>       return func(*(a + p.args), **p.kwargs, **kw)\n\n/opt/hostedtoolcache/Python/3.13.2/x64/lib/python3.13/site-packages/parameterized/parameterized.py:620: \n_ _ _ _ _ _ _ _ _ _ _ _ _ _ _ _ _ _ _ _ _ _ _ _ _ _ _ _ _ _ _ _ _ _ _ _ _ _ _ _ \ntests/test_checklist.py:54: in test_list_address_nullifier_const\n    WebDriverWait(self.driver, 30).until(EC.element_to_be_clickable(SOURCE_ID))\n_ _ _ _ _ _ _ _ _ _ _ _ _ _ _ _ _ _ _ _ _ _ _ _ _ _ _ _ _ _ _ _ _ _ _ _ _ _ _ _ \n\nself = <selenium.webdriver.support.wait.WebDriverWait (session=\"bf2c71ec62fdbae585735a6f9f87a6c2\")>\nmethod = <function element_to_be_clickable.<locals>._predicate at 0x7f2ec6a52160>\nmessage = ''\n\n    def until(self, method: Callable[[D], Union[Literal[False], T]], message: str = \"\") -> T:\n        \"\"\"Calls the method provided with the driver as an argument until the \\\n        return value does not evaluate to ``False``.\n    \n        :param method: callable(WebDriver)\n        :param message: optional message for :exc:`TimeoutException`\n        :returns: the result of the last call to `method`\n        :raises: :exc:`selenium.common.exceptions.TimeoutException` if timeout occurs\n        \"\"\"\n        screen = None\n        stacktrace = None\n    \n        end_time = time.monotonic() + self._timeout\n        while True:\n            try:\n                value = method(self._driver)\n                if value:\n                    return value\n            except self._ignored_exceptions as exc:\n                screen = getattr(exc, \"screen\", None)\n                stacktrace = getattr(exc, \"stacktrace\", None)\n            if time.monotonic() > end_time:\n                break\n            time.sleep(self._poll)\n>       raise TimeoutException(message, screen, stacktrace)\nE       selenium.common.exceptions.TimeoutException: Message: \nE       Stacktrace:\nE       #0 0x555da1e18a1a <unknown>\nE       #1 0x555da18d0390 <unknown>\nE       #2 0x555da1921c85 <unknown>\nE       #3 0x555da1921eb1 <unknown>\nE       #4 0x555da1970d64 <unknown>\nE       #5 0x555da1947bfd <unknown>\nE       #6 0x555da196e07b <unknown>\nE       #7 0x555da19479a3 <unknown>\nE       #8 0x555da191360e <unknown>\nE       #9 0x555da1914dd1 <unknown>\nE       #10 0x555da1ddeddb <unknown>\nE       #11 0x555da1de2cbc <unknown>\nE       #12 0x555da1dc6392 <unknown>\nE       #13 0x555da1de3834 <unknown>\nE       #14 0x555da1daa1ef <unknown>\nE       #15 0x555da1e07038 <unknown>\nE       #16 0x555da1e07216 <unknown>\nE       #17 0x555da1e17896 <unknown>\nE       #18 0x7f3962a9caa4 <unknown>\nE       #19 0x7f3962b29c3c <unknown>\n\n/opt/hostedtoolcache/Python/3.13.2/x64/lib/python3.13/site-packages/selenium/webdriver/support/wait.py:105: TimeoutException","flaky":false,"newFailed":false,"newBroken":false,"newPassed":false,"retriesCount":0,"retriesStatusChange":false,"beforeStages":[{"name":"_unittest_setUpClass_fixture_TestPromotionChecklist","time":{"start":1743404093170,"stop":1743404093170,"duration":0},"status":"passed","steps":[],"attachments":[],"parameters":[],"shouldDisplayMessage":false,"stepsCount":0,"attachmentsCount":0,"hasContent":false,"attachmentStep":false}],"testStage":{"status":"broken","statusMessage":"selenium.common.exceptions.TimeoutException: Message: \nStacktrace:\n#0 0x555da1e18a1a <unknown>\n#1 0x555da18d0390 <unknown>\n#2 0x555da1921c85 <unknown>\n#3 0x555da1921eb1 <unknown>\n#4 0x555da1970d64 <unknown>\n#5 0x555da1947bfd <unknown>\n#6 0x555da196e07b <unknown>\n#7 0x555da19479a3 <unknown>\n#8 0x555da191360e <unknown>\n#9 0x555da1914dd1 <unknown>\n#10 0x555da1ddeddb <unknown>\n#11 0x555da1de2cbc <unknown>\n#12 0x555da1dc6392 <unknown>\n#13 0x555da1de3834 <unknown>\n#14 0x555da1daa1ef <unknown>\n#15 0x555da1e07038 <unknown>\n#16 0x555da1e07216 <unknown>\n#17 0x555da1e17896 <unknown>\n#18 0x7f3962a9caa4 <unknown>\n#19 0x7f3962b29c3c <unknown>","statusTrace":"a = (<tests.test_checklist.TestPromotionChecklist testMethod=test_list_address_nullifier_const_0_239>,)\nkw = {}\n\n    @wraps(func)\n    def standalone_func(*a, **kw):\n>       return func(*(a + p.args), **p.kwargs, **kw)\n\n/opt/hostedtoolcache/Python/3.13.2/x64/lib/python3.13/site-packages/parameterized/parameterized.py:620: \n_ _ _ _ _ _ _ _ _ _ _ _ _ _ _ _ _ _ _ _ _ _ _ _ _ _ _ _ _ _ _ _ _ _ _ _ _ _ _ _ \ntests/test_checklist.py:54: in test_list_address_nullifier_const\n    WebDriverWait(self.driver, 30).until(EC.element_to_be_clickable(SOURCE_ID))\n_ _ _ _ _ _ _ _ _ _ _ _ _ _ _ _ _ _ _ _ _ _ _ _ _ _ _ _ _ _ _ _ _ _ _ _ _ _ _ _ \n\nself = <selenium.webdriver.support.wait.WebDriverWait (session=\"bf2c71ec62fdbae585735a6f9f87a6c2\")>\nmethod = <function element_to_be_clickable.<locals>._predicate at 0x7f2ec6a52160>\nmessage = ''\n\n    def until(self, method: Callable[[D], Union[Literal[False], T]], message: str = \"\") -> T:\n        \"\"\"Calls the method provided with the driver as an argument until the \\\n        return value does not evaluate to ``False``.\n    \n        :param method: callable(WebDriver)\n        :param message: optional message for :exc:`TimeoutException`\n        :returns: the result of the last call to `method`\n        :raises: :exc:`selenium.common.exceptions.TimeoutException` if timeout occurs\n        \"\"\"\n        screen = None\n        stacktrace = None\n    \n        end_time = time.monotonic() + self._timeout\n        while True:\n            try:\n                value = method(self._driver)\n                if value:\n                    return value\n            except self._ignored_exceptions as exc:\n                screen = getattr(exc, \"screen\", None)\n                stacktrace = getattr(exc, \"stacktrace\", None)\n            if time.monotonic() > end_time:\n                break\n            time.sleep(self._poll)\n>       raise TimeoutException(message, screen, stacktrace)\nE       selenium.common.exceptions.TimeoutException: Message: \nE       Stacktrace:\nE       #0 0x555da1e18a1a <unknown>\nE       #1 0x555da18d0390 <unknown>\nE       #2 0x555da1921c85 <unknown>\nE       #3 0x555da1921eb1 <unknown>\nE       #4 0x555da1970d64 <unknown>\nE       #5 0x555da1947bfd <unknown>\nE       #6 0x555da196e07b <unknown>\nE       #7 0x555da19479a3 <unknown>\nE       #8 0x555da191360e <unknown>\nE       #9 0x555da1914dd1 <unknown>\nE       #10 0x555da1ddeddb <unknown>\nE       #11 0x555da1de2cbc <unknown>\nE       #12 0x555da1dc6392 <unknown>\nE       #13 0x555da1de3834 <unknown>\nE       #14 0x555da1daa1ef <unknown>\nE       #15 0x555da1e07038 <unknown>\nE       #16 0x555da1e07216 <unknown>\nE       #17 0x555da1e17896 <unknown>\nE       #18 0x7f3962a9caa4 <unknown>\nE       #19 0x7f3962b29c3c <unknown>\n\n/opt/hostedtoolcache/Python/3.13.2/x64/lib/python3.13/site-packages/selenium/webdriver/support/wait.py:105: TimeoutException","steps":[{"name":"Click authorisation button","time":{"start":1743404331182,"stop":1743404337712,"duration":6530},"status":"passed","steps":[{"name":"Get authorisation button","time":{"start":1743404331182,"stop":1743404331192,"duration":10},"status":"passed","steps":[],"attachments":[],"parameters":[],"shouldDisplayMessage":false,"stepsCount":0,"attachmentsCount":0,"hasContent":false,"attachmentStep":false}],"attachments":[],"parameters":[],"shouldDisplayMessage":false,"stepsCount":1,"attachmentsCount":0,"hasContent":true,"attachmentStep":false}],"attachments":[],"parameters":[],"shouldDisplayMessage":true,"stepsCount":2,"attachmentsCount":0,"hasContent":true,"attachmentStep":false},"afterStages":[{"name":"_unittest_setUpClass_fixture_TestPromotionChecklist::0","time":{"start":1743404780460,"stop":1743404780460,"duration":0},"status":"passed","steps":[],"attachments":[],"parameters":[],"shouldDisplayMessage":false,"stepsCount":0,"attachmentsCount":0,"hasContent":false,"attachmentStep":false}],"labels":[{"name":"tag","value":"@pytest.mark.filterwarnings('ignore::DeprecationWarning')"},{"name":"parentSuite","value":"tests"},{"name":"suite","value":"test_checklist"},{"name":"subSuite","value":"TestPromotionChecklist"},{"name":"host","value":"fv-az1787-927"},{"name":"thread","value":"2172-MainThread"},{"name":"framework","value":"pytest"},{"name":"language","value":"cpython3"},{"name":"package","value":"tests.test_checklist"},{"name":"resultFormat","value":"allure2"}],"parameters":[],"links":[],"hidden":false,"retry":false,"extra":{"severity":"normal","retries":[],"categories":[{"name":"Test defects","matchedStatuses":[]}],"tags":["@pytest.mark.filterwarnings('ignore::DeprecationWarning')"]},"source":"8f7b94eb93b6432a.json","parameterValues":[]}