{"uid":"926b6ef4ee5a2fc7","name":"test_list_dt_0_31","fullName":"tests.test_checklist.TestPromotionChecklist#test_list_dt_0_31","historyId":"439919fcbd652e457b0b9a7902c98c15","time":{"start":1740641084385,"stop":1740641117149,"duration":32764},"status":"broken","statusMessage":"selenium.common.exceptions.TimeoutException: Message: \nStacktrace:\n#0 0x55e943290bea <unknown>\n#1 0x55e942d2e7d0 <unknown>\n#2 0x55e942d7fcc0 <unknown>\n#3 0x55e942d7fe41 <unknown>\n#4 0x55e942dce984 <unknown>\n#5 0x55e942da5abd <unknown>\n#6 0x55e942dcbd0c <unknown>\n#7 0x55e942da5863 <unknown>\n#8 0x55e942d71ac8 <unknown>\n#9 0x55e942d72c31 <unknown>\n#10 0x55e94325a18b <unknown>\n#11 0x55e94325e112 <unknown>\n#12 0x55e94324704c <unknown>\n#13 0x55e94325ed04 <unknown>\n#14 0x55e94322b4bf <unknown>\n#15 0x55e94327f528 <unknown>\n#16 0x55e94327f6f9 <unknown>\n#17 0x55e94328fa66 <unknown>\n#18 0x7f27a1c9caa4 <unknown>\n#19 0x7f27a1d29c3c <unknown>","statusTrace":"a = (<tests.test_checklist.TestPromotionChecklist testMethod=test_list_dt_0_31>,)\nkw = {}\n\n    @wraps(func)\n    def standalone_func(*a, **kw):\n>       return func(*(a + p.args), **p.kwargs, **kw)\n\n/opt/hostedtoolcache/Python/3.13.2/x64/lib/python3.13/site-packages/parameterized/parameterized.py:620: \n_ _ _ _ _ _ _ _ _ _ _ _ _ _ _ _ _ _ _ _ _ _ _ _ _ _ _ _ _ _ _ _ _ _ _ _ _ _ _ _ \ntests/test_checklist.py:338: in test_list_dt\n    WebDriverWait(self.driver, 30).until(EC.element_to_be_clickable(SOURCE_ID))\n_ _ _ _ _ _ _ _ _ _ _ _ _ _ _ _ _ _ _ _ _ _ _ _ _ _ _ _ _ _ _ _ _ _ _ _ _ _ _ _ \n\nself = <selenium.webdriver.support.wait.WebDriverWait (session=\"1493ee644b66cfbd845b19fb3cb1f452\")>\nmethod = <function element_to_be_clickable.<locals>._predicate at 0x7f8de39d0d60>\nmessage = ''\n\n    def until(self, method: Callable[[D], Union[Literal[False], T]], message: str = \"\") -> T:\n        \"\"\"Calls the method provided with the driver as an argument until the \\\n        return value does not evaluate to ``False``.\n    \n        :param method: callable(WebDriver)\n        :param message: optional message for :exc:`TimeoutException`\n        :returns: the result of the last call to `method`\n        :raises: :exc:`selenium.common.exceptions.TimeoutException` if timeout occurs\n        \"\"\"\n        screen = None\n        stacktrace = None\n    \n        end_time = time.monotonic() + self._timeout\n        while True:\n            try:\n                value = method(self._driver)\n                if value:\n                    return value\n            except self._ignored_exceptions as exc:\n                screen = getattr(exc, \"screen\", None)\n                stacktrace = getattr(exc, \"stacktrace\", None)\n            if time.monotonic() > end_time:\n                break\n            time.sleep(self._poll)\n>       raise TimeoutException(message, screen, stacktrace)\nE       selenium.common.exceptions.TimeoutException: Message: \nE       Stacktrace:\nE       #0 0x55e943290bea <unknown>\nE       #1 0x55e942d2e7d0 <unknown>\nE       #2 0x55e942d7fcc0 <unknown>\nE       #3 0x55e942d7fe41 <unknown>\nE       #4 0x55e942dce984 <unknown>\nE       #5 0x55e942da5abd <unknown>\nE       #6 0x55e942dcbd0c <unknown>\nE       #7 0x55e942da5863 <unknown>\nE       #8 0x55e942d71ac8 <unknown>\nE       #9 0x55e942d72c31 <unknown>\nE       #10 0x55e94325a18b <unknown>\nE       #11 0x55e94325e112 <unknown>\nE       #12 0x55e94324704c <unknown>\nE       #13 0x55e94325ed04 <unknown>\nE       #14 0x55e94322b4bf <unknown>\nE       #15 0x55e94327f528 <unknown>\nE       #16 0x55e94327f6f9 <unknown>\nE       #17 0x55e94328fa66 <unknown>\nE       #18 0x7f27a1c9caa4 <unknown>\nE       #19 0x7f27a1d29c3c <unknown>\n\n/opt/hostedtoolcache/Python/3.13.2/x64/lib/python3.13/site-packages/selenium/webdriver/support/wait.py:105: TimeoutException","flaky":false,"newFailed":false,"newBroken":false,"newPassed":false,"retriesCount":0,"retriesStatusChange":false,"beforeStages":[{"name":"_unittest_setUpClass_fixture_TestPromotionChecklist","time":{"start":1740640676878,"stop":1740640676878,"duration":0},"status":"passed","steps":[],"attachments":[],"parameters":[],"shouldDisplayMessage":false,"stepsCount":0,"attachmentsCount":0,"hasContent":false,"attachmentStep":false}],"testStage":{"status":"broken","statusMessage":"selenium.common.exceptions.TimeoutException: Message: \nStacktrace:\n#0 0x55e943290bea <unknown>\n#1 0x55e942d2e7d0 <unknown>\n#2 0x55e942d7fcc0 <unknown>\n#3 0x55e942d7fe41 <unknown>\n#4 0x55e942dce984 <unknown>\n#5 0x55e942da5abd <unknown>\n#6 0x55e942dcbd0c <unknown>\n#7 0x55e942da5863 <unknown>\n#8 0x55e942d71ac8 <unknown>\n#9 0x55e942d72c31 <unknown>\n#10 0x55e94325a18b <unknown>\n#11 0x55e94325e112 <unknown>\n#12 0x55e94324704c <unknown>\n#13 0x55e94325ed04 <unknown>\n#14 0x55e94322b4bf <unknown>\n#15 0x55e94327f528 <unknown>\n#16 0x55e94327f6f9 <unknown>\n#17 0x55e94328fa66 <unknown>\n#18 0x7f27a1c9caa4 <unknown>\n#19 0x7f27a1d29c3c <unknown>","statusTrace":"a = (<tests.test_checklist.TestPromotionChecklist testMethod=test_list_dt_0_31>,)\nkw = {}\n\n    @wraps(func)\n    def standalone_func(*a, **kw):\n>       return func(*(a + p.args), **p.kwargs, **kw)\n\n/opt/hostedtoolcache/Python/3.13.2/x64/lib/python3.13/site-packages/parameterized/parameterized.py:620: \n_ _ _ _ _ _ _ _ _ _ _ _ _ _ _ _ _ _ _ _ _ _ _ _ _ _ _ _ _ _ _ _ _ _ _ _ _ _ _ _ \ntests/test_checklist.py:338: in test_list_dt\n    WebDriverWait(self.driver, 30).until(EC.element_to_be_clickable(SOURCE_ID))\n_ _ _ _ _ _ _ _ _ _ _ _ _ _ _ _ _ _ _ _ _ _ _ _ _ _ _ _ _ _ _ _ _ _ _ _ _ _ _ _ \n\nself = <selenium.webdriver.support.wait.WebDriverWait (session=\"1493ee644b66cfbd845b19fb3cb1f452\")>\nmethod = <function element_to_be_clickable.<locals>._predicate at 0x7f8de39d0d60>\nmessage = ''\n\n    def until(self, method: Callable[[D], Union[Literal[False], T]], message: str = \"\") -> T:\n        \"\"\"Calls the method provided with the driver as an argument until the \\\n        return value does not evaluate to ``False``.\n    \n        :param method: callable(WebDriver)\n        :param message: optional message for :exc:`TimeoutException`\n        :returns: the result of the last call to `method`\n        :raises: :exc:`selenium.common.exceptions.TimeoutException` if timeout occurs\n        \"\"\"\n        screen = None\n        stacktrace = None\n    \n        end_time = time.monotonic() + self._timeout\n        while True:\n            try:\n                value = method(self._driver)\n                if value:\n                    return value\n            except self._ignored_exceptions as exc:\n                screen = getattr(exc, \"screen\", None)\n                stacktrace = getattr(exc, \"stacktrace\", None)\n            if time.monotonic() > end_time:\n                break\n            time.sleep(self._poll)\n>       raise TimeoutException(message, screen, stacktrace)\nE       selenium.common.exceptions.TimeoutException: Message: \nE       Stacktrace:\nE       #0 0x55e943290bea <unknown>\nE       #1 0x55e942d2e7d0 <unknown>\nE       #2 0x55e942d7fcc0 <unknown>\nE       #3 0x55e942d7fe41 <unknown>\nE       #4 0x55e942dce984 <unknown>\nE       #5 0x55e942da5abd <unknown>\nE       #6 0x55e942dcbd0c <unknown>\nE       #7 0x55e942da5863 <unknown>\nE       #8 0x55e942d71ac8 <unknown>\nE       #9 0x55e942d72c31 <unknown>\nE       #10 0x55e94325a18b <unknown>\nE       #11 0x55e94325e112 <unknown>\nE       #12 0x55e94324704c <unknown>\nE       #13 0x55e94325ed04 <unknown>\nE       #14 0x55e94322b4bf <unknown>\nE       #15 0x55e94327f528 <unknown>\nE       #16 0x55e94327f6f9 <unknown>\nE       #17 0x55e94328fa66 <unknown>\nE       #18 0x7f27a1c9caa4 <unknown>\nE       #19 0x7f27a1d29c3c <unknown>\n\n/opt/hostedtoolcache/Python/3.13.2/x64/lib/python3.13/site-packages/selenium/webdriver/support/wait.py:105: TimeoutException","steps":[{"name":"Click authorisation button","time":{"start":1740641085163,"stop":1740641085943,"duration":780},"status":"passed","steps":[{"name":"Get authorisation button","time":{"start":1740641085163,"stop":1740641085172,"duration":9},"status":"passed","steps":[],"attachments":[],"parameters":[],"shouldDisplayMessage":false,"stepsCount":0,"attachmentsCount":0,"hasContent":false,"attachmentStep":false}],"attachments":[],"parameters":[],"shouldDisplayMessage":false,"stepsCount":1,"attachmentsCount":0,"hasContent":true,"attachmentStep":false}],"attachments":[],"parameters":[],"shouldDisplayMessage":true,"stepsCount":2,"attachmentsCount":0,"hasContent":true,"attachmentStep":false},"afterStages":[{"name":"_unittest_setUpClass_fixture_TestPromotionChecklist::0","time":{"start":1740641410367,"stop":1740641410367,"duration":0},"status":"passed","steps":[],"attachments":[],"parameters":[],"shouldDisplayMessage":false,"stepsCount":0,"attachmentsCount":0,"hasContent":false,"attachmentStep":false}],"labels":[{"name":"tag","value":"@pytest.mark.filterwarnings('ignore::DeprecationWarning')"},{"name":"parentSuite","value":"tests"},{"name":"suite","value":"test_checklist"},{"name":"subSuite","value":"TestPromotionChecklist"},{"name":"host","value":"fv-az1277-584"},{"name":"thread","value":"4014-MainThread"},{"name":"framework","value":"pytest"},{"name":"language","value":"cpython3"},{"name":"package","value":"tests.test_checklist"},{"name":"resultFormat","value":"allure2"}],"parameters":[],"links":[],"hidden":false,"retry":false,"extra":{"severity":"normal","retries":[],"categories":[{"name":"Test defects","matchedStatuses":[],"flaky":false}],"tags":["@pytest.mark.filterwarnings('ignore::DeprecationWarning')"]},"source":"926b6ef4ee5a2fc7.json","parameterValues":[]}