{"uid":"abe8b53e99aa42e","name":"test_co_list_agent_office_phone_0_31","fullName":"tests.test_checklist.TestPromotionChecklist#test_co_list_agent_office_phone_0_31","historyId":"1013d97ebd1dc0835dfdb66b752933a3","time":{"start":1740640679449,"stop":1740640711752,"duration":32303},"status":"broken","statusMessage":"selenium.common.exceptions.TimeoutException: Message: \nStacktrace:\n#0 0x55b09b0febea <unknown>\n#1 0x55b09ab9c7d0 <unknown>\n#2 0x55b09abedcc0 <unknown>\n#3 0x55b09abede41 <unknown>\n#4 0x55b09ac3c984 <unknown>\n#5 0x55b09ac13abd <unknown>\n#6 0x55b09ac39d0c <unknown>\n#7 0x55b09ac13863 <unknown>\n#8 0x55b09abdfac8 <unknown>\n#9 0x55b09abe0c31 <unknown>\n#10 0x55b09b0c818b <unknown>\n#11 0x55b09b0cc112 <unknown>\n#12 0x55b09b0b504c <unknown>\n#13 0x55b09b0ccd04 <unknown>\n#14 0x55b09b0994bf <unknown>\n#15 0x55b09b0ed528 <unknown>\n#16 0x55b09b0ed6f9 <unknown>\n#17 0x55b09b0fda66 <unknown>\n#18 0x7fa57869caa4 <unknown>\n#19 0x7fa578729c3c <unknown>","statusTrace":"a = (<tests.test_checklist.TestPromotionChecklist testMethod=test_co_list_agent_office_phone_0_31>,)\nkw = {}\n\n    @wraps(func)\n    def standalone_func(*a, **kw):\n>       return func(*(a + p.args), **p.kwargs, **kw)\n\n/opt/hostedtoolcache/Python/3.13.2/x64/lib/python3.13/site-packages/parameterized/parameterized.py:620: \n_ _ _ _ _ _ _ _ _ _ _ _ _ _ _ _ _ _ _ _ _ _ _ _ _ _ _ _ _ _ _ _ _ _ _ _ _ _ _ _ \ntests/test_checklist.py:133: in test_co_list_agent_office_phone\n    WebDriverWait(self.driver, 30).until(EC.element_to_be_clickable(SOURCE_ID))\n_ _ _ _ _ _ _ _ _ _ _ _ _ _ _ _ _ _ _ _ _ _ _ _ _ _ _ _ _ _ _ _ _ _ _ _ _ _ _ _ \n\nself = <selenium.webdriver.support.wait.WebDriverWait (session=\"c8c7558b58d45ef121dba47d25d91340\")>\nmethod = <function element_to_be_clickable.<locals>._predicate at 0x7f8de39b8680>\nmessage = ''\n\n    def until(self, method: Callable[[D], Union[Literal[False], T]], message: str = \"\") -> T:\n        \"\"\"Calls the method provided with the driver as an argument until the \\\n        return value does not evaluate to ``False``.\n    \n        :param method: callable(WebDriver)\n        :param message: optional message for :exc:`TimeoutException`\n        :returns: the result of the last call to `method`\n        :raises: :exc:`selenium.common.exceptions.TimeoutException` if timeout occurs\n        \"\"\"\n        screen = None\n        stacktrace = None\n    \n        end_time = time.monotonic() + self._timeout\n        while True:\n            try:\n                value = method(self._driver)\n                if value:\n                    return value\n            except self._ignored_exceptions as exc:\n                screen = getattr(exc, \"screen\", None)\n                stacktrace = getattr(exc, \"stacktrace\", None)\n            if time.monotonic() > end_time:\n                break\n            time.sleep(self._poll)\n>       raise TimeoutException(message, screen, stacktrace)\nE       selenium.common.exceptions.TimeoutException: Message: \nE       Stacktrace:\nE       #0 0x55b09b0febea <unknown>\nE       #1 0x55b09ab9c7d0 <unknown>\nE       #2 0x55b09abedcc0 <unknown>\nE       #3 0x55b09abede41 <unknown>\nE       #4 0x55b09ac3c984 <unknown>\nE       #5 0x55b09ac13abd <unknown>\nE       #6 0x55b09ac39d0c <unknown>\nE       #7 0x55b09ac13863 <unknown>\nE       #8 0x55b09abdfac8 <unknown>\nE       #9 0x55b09abe0c31 <unknown>\nE       #10 0x55b09b0c818b <unknown>\nE       #11 0x55b09b0cc112 <unknown>\nE       #12 0x55b09b0b504c <unknown>\nE       #13 0x55b09b0ccd04 <unknown>\nE       #14 0x55b09b0994bf <unknown>\nE       #15 0x55b09b0ed528 <unknown>\nE       #16 0x55b09b0ed6f9 <unknown>\nE       #17 0x55b09b0fda66 <unknown>\nE       #18 0x7fa57869caa4 <unknown>\nE       #19 0x7fa578729c3c <unknown>\n\n/opt/hostedtoolcache/Python/3.13.2/x64/lib/python3.13/site-packages/selenium/webdriver/support/wait.py:105: TimeoutException","flaky":false,"newFailed":false,"newBroken":false,"newPassed":false,"retriesCount":0,"retriesStatusChange":false,"beforeStages":[{"name":"_unittest_setUpClass_fixture_TestPromotionChecklist","time":{"start":1740640676878,"stop":1740640676878,"duration":0},"status":"passed","steps":[],"attachments":[],"parameters":[],"shouldDisplayMessage":false,"stepsCount":0,"attachmentsCount":0,"hasContent":false,"attachmentStep":false}],"testStage":{"status":"broken","statusMessage":"selenium.common.exceptions.TimeoutException: Message: \nStacktrace:\n#0 0x55b09b0febea <unknown>\n#1 0x55b09ab9c7d0 <unknown>\n#2 0x55b09abedcc0 <unknown>\n#3 0x55b09abede41 <unknown>\n#4 0x55b09ac3c984 <unknown>\n#5 0x55b09ac13abd <unknown>\n#6 0x55b09ac39d0c <unknown>\n#7 0x55b09ac13863 <unknown>\n#8 0x55b09abdfac8 <unknown>\n#9 0x55b09abe0c31 <unknown>\n#10 0x55b09b0c818b <unknown>\n#11 0x55b09b0cc112 <unknown>\n#12 0x55b09b0b504c <unknown>\n#13 0x55b09b0ccd04 <unknown>\n#14 0x55b09b0994bf <unknown>\n#15 0x55b09b0ed528 <unknown>\n#16 0x55b09b0ed6f9 <unknown>\n#17 0x55b09b0fda66 <unknown>\n#18 0x7fa57869caa4 <unknown>\n#19 0x7fa578729c3c <unknown>","statusTrace":"a = (<tests.test_checklist.TestPromotionChecklist testMethod=test_co_list_agent_office_phone_0_31>,)\nkw = {}\n\n    @wraps(func)\n    def standalone_func(*a, **kw):\n>       return func(*(a + p.args), **p.kwargs, **kw)\n\n/opt/hostedtoolcache/Python/3.13.2/x64/lib/python3.13/site-packages/parameterized/parameterized.py:620: \n_ _ _ _ _ _ _ _ _ _ _ _ _ _ _ _ _ _ _ _ _ _ _ _ _ _ _ _ _ _ _ _ _ _ _ _ _ _ _ _ \ntests/test_checklist.py:133: in test_co_list_agent_office_phone\n    WebDriverWait(self.driver, 30).until(EC.element_to_be_clickable(SOURCE_ID))\n_ _ _ _ _ _ _ _ _ _ _ _ _ _ _ _ _ _ _ _ _ _ _ _ _ _ _ _ _ _ _ _ _ _ _ _ _ _ _ _ \n\nself = <selenium.webdriver.support.wait.WebDriverWait (session=\"c8c7558b58d45ef121dba47d25d91340\")>\nmethod = <function element_to_be_clickable.<locals>._predicate at 0x7f8de39b8680>\nmessage = ''\n\n    def until(self, method: Callable[[D], Union[Literal[False], T]], message: str = \"\") -> T:\n        \"\"\"Calls the method provided with the driver as an argument until the \\\n        return value does not evaluate to ``False``.\n    \n        :param method: callable(WebDriver)\n        :param message: optional message for :exc:`TimeoutException`\n        :returns: the result of the last call to `method`\n        :raises: :exc:`selenium.common.exceptions.TimeoutException` if timeout occurs\n        \"\"\"\n        screen = None\n        stacktrace = None\n    \n        end_time = time.monotonic() + self._timeout\n        while True:\n            try:\n                value = method(self._driver)\n                if value:\n                    return value\n            except self._ignored_exceptions as exc:\n                screen = getattr(exc, \"screen\", None)\n                stacktrace = getattr(exc, \"stacktrace\", None)\n            if time.monotonic() > end_time:\n                break\n            time.sleep(self._poll)\n>       raise TimeoutException(message, screen, stacktrace)\nE       selenium.common.exceptions.TimeoutException: Message: \nE       Stacktrace:\nE       #0 0x55b09b0febea <unknown>\nE       #1 0x55b09ab9c7d0 <unknown>\nE       #2 0x55b09abedcc0 <unknown>\nE       #3 0x55b09abede41 <unknown>\nE       #4 0x55b09ac3c984 <unknown>\nE       #5 0x55b09ac13abd <unknown>\nE       #6 0x55b09ac39d0c <unknown>\nE       #7 0x55b09ac13863 <unknown>\nE       #8 0x55b09abdfac8 <unknown>\nE       #9 0x55b09abe0c31 <unknown>\nE       #10 0x55b09b0c818b <unknown>\nE       #11 0x55b09b0cc112 <unknown>\nE       #12 0x55b09b0b504c <unknown>\nE       #13 0x55b09b0ccd04 <unknown>\nE       #14 0x55b09b0994bf <unknown>\nE       #15 0x55b09b0ed528 <unknown>\nE       #16 0x55b09b0ed6f9 <unknown>\nE       #17 0x55b09b0fda66 <unknown>\nE       #18 0x7fa57869caa4 <unknown>\nE       #19 0x7fa578729c3c <unknown>\n\n/opt/hostedtoolcache/Python/3.13.2/x64/lib/python3.13/site-packages/selenium/webdriver/support/wait.py:105: TimeoutException","steps":[{"name":"Click authorisation button","time":{"start":1740640680277,"stop":1740640680550,"duration":273},"status":"passed","steps":[{"name":"Get authorisation button","time":{"start":1740640680277,"stop":1740640680287,"duration":10},"status":"passed","steps":[],"attachments":[],"parameters":[],"shouldDisplayMessage":false,"stepsCount":0,"attachmentsCount":0,"hasContent":false,"attachmentStep":false}],"attachments":[],"parameters":[],"shouldDisplayMessage":false,"stepsCount":1,"attachmentsCount":0,"hasContent":true,"attachmentStep":false}],"attachments":[],"parameters":[],"shouldDisplayMessage":true,"stepsCount":2,"attachmentsCount":0,"hasContent":true,"attachmentStep":false},"afterStages":[{"name":"_unittest_setUpClass_fixture_TestPromotionChecklist::0","time":{"start":1740641410367,"stop":1740641410367,"duration":0},"status":"passed","steps":[],"attachments":[],"parameters":[],"shouldDisplayMessage":false,"stepsCount":0,"attachmentsCount":0,"hasContent":false,"attachmentStep":false}],"labels":[{"name":"tag","value":"@pytest.mark.filterwarnings('ignore::DeprecationWarning')"},{"name":"parentSuite","value":"tests"},{"name":"suite","value":"test_checklist"},{"name":"subSuite","value":"TestPromotionChecklist"},{"name":"host","value":"fv-az1277-584"},{"name":"thread","value":"4014-MainThread"},{"name":"framework","value":"pytest"},{"name":"language","value":"cpython3"},{"name":"package","value":"tests.test_checklist"},{"name":"resultFormat","value":"allure2"}],"parameters":[],"links":[],"hidden":false,"retry":false,"extra":{"severity":"normal","retries":[],"categories":[{"name":"Test defects","matchedStatuses":[],"flaky":false}],"tags":["@pytest.mark.filterwarnings('ignore::DeprecationWarning')"]},"source":"abe8b53e99aa42e.json","parameterValues":[]}