{"uid":"b3d37b82861cdec","name":"test_raw_properties_list_status_0_239","fullName":"tests.test_checklist.TestPromotionChecklist#test_raw_properties_list_status_0_239","historyId":"27d49102bccbba7370b43b65b63d8bff","time":{"start":1743404640236,"stop":1743404671692,"duration":31456},"status":"broken","statusMessage":"selenium.common.exceptions.TimeoutException: Message: \nStacktrace:\n#0 0x565241179a1a <unknown>\n#1 0x565240c31390 <unknown>\n#2 0x565240c82c85 <unknown>\n#3 0x565240c82eb1 <unknown>\n#4 0x565240cd1d64 <unknown>\n#5 0x565240ca8bfd <unknown>\n#6 0x565240ccf07b <unknown>\n#7 0x565240ca89a3 <unknown>\n#8 0x565240c7460e <unknown>\n#9 0x565240c75dd1 <unknown>\n#10 0x56524113fddb <unknown>\n#11 0x565241143cbc <unknown>\n#12 0x565241127392 <unknown>\n#13 0x565241144834 <unknown>\n#14 0x56524110b1ef <unknown>\n#15 0x565241168038 <unknown>\n#16 0x565241168216 <unknown>\n#17 0x565241178896 <unknown>\n#18 0x7f031689caa4 <unknown>\n#19 0x7f0316929c3c <unknown>","statusTrace":"a = (<tests.test_checklist.TestPromotionChecklist testMethod=test_raw_properties_list_status_0_239>,)\nkw = {}\n\n    @wraps(func)\n    def standalone_func(*a, **kw):\n>       return func(*(a + p.args), **p.kwargs, **kw)\n\n/opt/hostedtoolcache/Python/3.13.2/x64/lib/python3.13/site-packages/parameterized/parameterized.py:620: \n_ _ _ _ _ _ _ _ _ _ _ _ _ _ _ _ _ _ _ _ _ _ _ _ _ _ _ _ _ _ _ _ _ _ _ _ _ _ _ _ \ntests/test_checklist.py:367: in test_raw_properties_list_status\n    WebDriverWait(self.driver, 20).until(EC.element_to_be_clickable(SOURCE_ID))\n_ _ _ _ _ _ _ _ _ _ _ _ _ _ _ _ _ _ _ _ _ _ _ _ _ _ _ _ _ _ _ _ _ _ _ _ _ _ _ _ \n\nself = <selenium.webdriver.support.wait.WebDriverWait (session=\"d684d729e2bf56fdb652e19d99bbfc11\")>\nmethod = <function element_to_be_clickable.<locals>._predicate at 0x7f2ec6ac2b60>\nmessage = ''\n\n    def until(self, method: Callable[[D], Union[Literal[False], T]], message: str = \"\") -> T:\n        \"\"\"Calls the method provided with the driver as an argument until the \\\n        return value does not evaluate to ``False``.\n    \n        :param method: callable(WebDriver)\n        :param message: optional message for :exc:`TimeoutException`\n        :returns: the result of the last call to `method`\n        :raises: :exc:`selenium.common.exceptions.TimeoutException` if timeout occurs\n        \"\"\"\n        screen = None\n        stacktrace = None\n    \n        end_time = time.monotonic() + self._timeout\n        while True:\n            try:\n                value = method(self._driver)\n                if value:\n                    return value\n            except self._ignored_exceptions as exc:\n                screen = getattr(exc, \"screen\", None)\n                stacktrace = getattr(exc, \"stacktrace\", None)\n            if time.monotonic() > end_time:\n                break\n            time.sleep(self._poll)\n>       raise TimeoutException(message, screen, stacktrace)\nE       selenium.common.exceptions.TimeoutException: Message: \nE       Stacktrace:\nE       #0 0x565241179a1a <unknown>\nE       #1 0x565240c31390 <unknown>\nE       #2 0x565240c82c85 <unknown>\nE       #3 0x565240c82eb1 <unknown>\nE       #4 0x565240cd1d64 <unknown>\nE       #5 0x565240ca8bfd <unknown>\nE       #6 0x565240ccf07b <unknown>\nE       #7 0x565240ca89a3 <unknown>\nE       #8 0x565240c7460e <unknown>\nE       #9 0x565240c75dd1 <unknown>\nE       #10 0x56524113fddb <unknown>\nE       #11 0x565241143cbc <unknown>\nE       #12 0x565241127392 <unknown>\nE       #13 0x565241144834 <unknown>\nE       #14 0x56524110b1ef <unknown>\nE       #15 0x565241168038 <unknown>\nE       #16 0x565241168216 <unknown>\nE       #17 0x565241178896 <unknown>\nE       #18 0x7f031689caa4 <unknown>\nE       #19 0x7f0316929c3c <unknown>\n\n/opt/hostedtoolcache/Python/3.13.2/x64/lib/python3.13/site-packages/selenium/webdriver/support/wait.py:105: TimeoutException","flaky":false,"newFailed":false,"newBroken":false,"newPassed":false,"retriesCount":0,"retriesStatusChange":false,"beforeStages":[{"name":"_unittest_setUpClass_fixture_TestPromotionChecklist","time":{"start":1743404093170,"stop":1743404093170,"duration":0},"status":"passed","steps":[],"attachments":[],"parameters":[],"shouldDisplayMessage":false,"stepsCount":0,"attachmentsCount":0,"hasContent":false,"attachmentStep":false}],"testStage":{"status":"broken","statusMessage":"selenium.common.exceptions.TimeoutException: Message: \nStacktrace:\n#0 0x565241179a1a <unknown>\n#1 0x565240c31390 <unknown>\n#2 0x565240c82c85 <unknown>\n#3 0x565240c82eb1 <unknown>\n#4 0x565240cd1d64 <unknown>\n#5 0x565240ca8bfd <unknown>\n#6 0x565240ccf07b <unknown>\n#7 0x565240ca89a3 <unknown>\n#8 0x565240c7460e <unknown>\n#9 0x565240c75dd1 <unknown>\n#10 0x56524113fddb <unknown>\n#11 0x565241143cbc <unknown>\n#12 0x565241127392 <unknown>\n#13 0x565241144834 <unknown>\n#14 0x56524110b1ef <unknown>\n#15 0x565241168038 <unknown>\n#16 0x565241168216 <unknown>\n#17 0x565241178896 <unknown>\n#18 0x7f031689caa4 <unknown>\n#19 0x7f0316929c3c <unknown>","statusTrace":"a = (<tests.test_checklist.TestPromotionChecklist testMethod=test_raw_properties_list_status_0_239>,)\nkw = {}\n\n    @wraps(func)\n    def standalone_func(*a, **kw):\n>       return func(*(a + p.args), **p.kwargs, **kw)\n\n/opt/hostedtoolcache/Python/3.13.2/x64/lib/python3.13/site-packages/parameterized/parameterized.py:620: \n_ _ _ _ _ _ _ _ _ _ _ _ _ _ _ _ _ _ _ _ _ _ _ _ _ _ _ _ _ _ _ _ _ _ _ _ _ _ _ _ \ntests/test_checklist.py:367: in test_raw_properties_list_status\n    WebDriverWait(self.driver, 20).until(EC.element_to_be_clickable(SOURCE_ID))\n_ _ _ _ _ _ _ _ _ _ _ _ _ _ _ _ _ _ _ _ _ _ _ _ _ _ _ _ _ _ _ _ _ _ _ _ _ _ _ _ \n\nself = <selenium.webdriver.support.wait.WebDriverWait (session=\"d684d729e2bf56fdb652e19d99bbfc11\")>\nmethod = <function element_to_be_clickable.<locals>._predicate at 0x7f2ec6ac2b60>\nmessage = ''\n\n    def until(self, method: Callable[[D], Union[Literal[False], T]], message: str = \"\") -> T:\n        \"\"\"Calls the method provided with the driver as an argument until the \\\n        return value does not evaluate to ``False``.\n    \n        :param method: callable(WebDriver)\n        :param message: optional message for :exc:`TimeoutException`\n        :returns: the result of the last call to `method`\n        :raises: :exc:`selenium.common.exceptions.TimeoutException` if timeout occurs\n        \"\"\"\n        screen = None\n        stacktrace = None\n    \n        end_time = time.monotonic() + self._timeout\n        while True:\n            try:\n                value = method(self._driver)\n                if value:\n                    return value\n            except self._ignored_exceptions as exc:\n                screen = getattr(exc, \"screen\", None)\n                stacktrace = getattr(exc, \"stacktrace\", None)\n            if time.monotonic() > end_time:\n                break\n            time.sleep(self._poll)\n>       raise TimeoutException(message, screen, stacktrace)\nE       selenium.common.exceptions.TimeoutException: Message: \nE       Stacktrace:\nE       #0 0x565241179a1a <unknown>\nE       #1 0x565240c31390 <unknown>\nE       #2 0x565240c82c85 <unknown>\nE       #3 0x565240c82eb1 <unknown>\nE       #4 0x565240cd1d64 <unknown>\nE       #5 0x565240ca8bfd <unknown>\nE       #6 0x565240ccf07b <unknown>\nE       #7 0x565240ca89a3 <unknown>\nE       #8 0x565240c7460e <unknown>\nE       #9 0x565240c75dd1 <unknown>\nE       #10 0x56524113fddb <unknown>\nE       #11 0x565241143cbc <unknown>\nE       #12 0x565241127392 <unknown>\nE       #13 0x565241144834 <unknown>\nE       #14 0x56524110b1ef <unknown>\nE       #15 0x565241168038 <unknown>\nE       #16 0x565241168216 <unknown>\nE       #17 0x565241178896 <unknown>\nE       #18 0x7f031689caa4 <unknown>\nE       #19 0x7f0316929c3c <unknown>\n\n/opt/hostedtoolcache/Python/3.13.2/x64/lib/python3.13/site-packages/selenium/webdriver/support/wait.py:105: TimeoutException","steps":[{"name":"Click authorisation button","time":{"start":1743404640952,"stop":1743404651003,"duration":10051},"status":"passed","steps":[{"name":"Get authorisation button","time":{"start":1743404640952,"stop":1743404640962,"duration":10},"status":"passed","steps":[],"attachments":[],"parameters":[],"shouldDisplayMessage":false,"stepsCount":0,"attachmentsCount":0,"hasContent":false,"attachmentStep":false}],"attachments":[],"parameters":[],"shouldDisplayMessage":false,"stepsCount":1,"attachmentsCount":0,"hasContent":true,"attachmentStep":false}],"attachments":[],"parameters":[],"shouldDisplayMessage":true,"stepsCount":2,"attachmentsCount":0,"hasContent":true,"attachmentStep":false},"afterStages":[{"name":"_unittest_setUpClass_fixture_TestPromotionChecklist::0","time":{"start":1743404780460,"stop":1743404780460,"duration":0},"status":"passed","steps":[],"attachments":[],"parameters":[],"shouldDisplayMessage":false,"stepsCount":0,"attachmentsCount":0,"hasContent":false,"attachmentStep":false}],"labels":[{"name":"tag","value":"@pytest.mark.filterwarnings('ignore::DeprecationWarning')"},{"name":"parentSuite","value":"tests"},{"name":"suite","value":"test_checklist"},{"name":"subSuite","value":"TestPromotionChecklist"},{"name":"host","value":"fv-az1787-927"},{"name":"thread","value":"2172-MainThread"},{"name":"framework","value":"pytest"},{"name":"language","value":"cpython3"},{"name":"package","value":"tests.test_checklist"},{"name":"resultFormat","value":"allure2"}],"parameters":[],"links":[],"hidden":false,"retry":false,"extra":{"severity":"normal","retries":[],"categories":[{"name":"Test defects","matchedStatuses":[]}],"tags":["@pytest.mark.filterwarnings('ignore::DeprecationWarning')"]},"source":"b3d37b82861cdec.json","parameterValues":[]}