{"uid":"c39b5fc7b4d75761","name":"test_list_address_properties_country_0_31","fullName":"tests.test_checklist.TestPromotionChecklist#test_list_address_properties_country_0_31","historyId":"58f15d7aff91aa85b2671de7f6587094","time":{"start":1740640971489,"stop":1740641013664,"duration":42175},"status":"broken","statusMessage":"selenium.common.exceptions.TimeoutException: Message: \nStacktrace:\n#0 0x564762638bea <unknown>\n#1 0x5647620d67d0 <unknown>\n#2 0x564762127cc0 <unknown>\n#3 0x564762127e41 <unknown>\n#4 0x564762176984 <unknown>\n#5 0x56476214dabd <unknown>\n#6 0x564762173d0c <unknown>\n#7 0x56476214d863 <unknown>\n#8 0x564762119ac8 <unknown>\n#9 0x56476211ac31 <unknown>\n#10 0x56476260218b <unknown>\n#11 0x564762606112 <unknown>\n#12 0x5647625ef04c <unknown>\n#13 0x564762606d04 <unknown>\n#14 0x5647625d34bf <unknown>\n#15 0x564762627528 <unknown>\n#16 0x5647626276f9 <unknown>\n#17 0x564762637a66 <unknown>\n#18 0x7f696c89caa4 <unknown>\n#19 0x7f696c929c3c <unknown>","statusTrace":"a = (<tests.test_checklist.TestPromotionChecklist testMethod=test_list_address_properties_country_0_31>,)\nkw = {}\n\n    @wraps(func)\n    def standalone_func(*a, **kw):\n>       return func(*(a + p.args), **p.kwargs, **kw)\n\n/opt/hostedtoolcache/Python/3.13.2/x64/lib/python3.13/site-packages/parameterized/parameterized.py:620: \n_ _ _ _ _ _ _ _ _ _ _ _ _ _ _ _ _ _ _ _ _ _ _ _ _ _ _ _ _ _ _ _ _ _ _ _ _ _ _ _ \ntests/test_checklist.py:102: in test_list_address_properties_country\n    WebDriverWait(self.driver, 30).until(EC.element_to_be_clickable(SOURCE_ID))\n_ _ _ _ _ _ _ _ _ _ _ _ _ _ _ _ _ _ _ _ _ _ _ _ _ _ _ _ _ _ _ _ _ _ _ _ _ _ _ _ \n\nself = <selenium.webdriver.support.wait.WebDriverWait (session=\"5f7d1cfdd30c3baa8d75f18aa6e26f1c\")>\nmethod = <function element_to_be_clickable.<locals>._predicate at 0x7f8de39d2160>\nmessage = ''\n\n    def until(self, method: Callable[[D], Union[Literal[False], T]], message: str = \"\") -> T:\n        \"\"\"Calls the method provided with the driver as an argument until the \\\n        return value does not evaluate to ``False``.\n    \n        :param method: callable(WebDriver)\n        :param message: optional message for :exc:`TimeoutException`\n        :returns: the result of the last call to `method`\n        :raises: :exc:`selenium.common.exceptions.TimeoutException` if timeout occurs\n        \"\"\"\n        screen = None\n        stacktrace = None\n    \n        end_time = time.monotonic() + self._timeout\n        while True:\n            try:\n                value = method(self._driver)\n                if value:\n                    return value\n            except self._ignored_exceptions as exc:\n                screen = getattr(exc, \"screen\", None)\n                stacktrace = getattr(exc, \"stacktrace\", None)\n            if time.monotonic() > end_time:\n                break\n            time.sleep(self._poll)\n>       raise TimeoutException(message, screen, stacktrace)\nE       selenium.common.exceptions.TimeoutException: Message: \nE       Stacktrace:\nE       #0 0x564762638bea <unknown>\nE       #1 0x5647620d67d0 <unknown>\nE       #2 0x564762127cc0 <unknown>\nE       #3 0x564762127e41 <unknown>\nE       #4 0x564762176984 <unknown>\nE       #5 0x56476214dabd <unknown>\nE       #6 0x564762173d0c <unknown>\nE       #7 0x56476214d863 <unknown>\nE       #8 0x564762119ac8 <unknown>\nE       #9 0x56476211ac31 <unknown>\nE       #10 0x56476260218b <unknown>\nE       #11 0x564762606112 <unknown>\nE       #12 0x5647625ef04c <unknown>\nE       #13 0x564762606d04 <unknown>\nE       #14 0x5647625d34bf <unknown>\nE       #15 0x564762627528 <unknown>\nE       #16 0x5647626276f9 <unknown>\nE       #17 0x564762637a66 <unknown>\nE       #18 0x7f696c89caa4 <unknown>\nE       #19 0x7f696c929c3c <unknown>\n\n/opt/hostedtoolcache/Python/3.13.2/x64/lib/python3.13/site-packages/selenium/webdriver/support/wait.py:105: TimeoutException","flaky":false,"newFailed":false,"newBroken":false,"newPassed":false,"retriesCount":0,"retriesStatusChange":false,"beforeStages":[{"name":"_unittest_setUpClass_fixture_TestPromotionChecklist","time":{"start":1740640676878,"stop":1740640676878,"duration":0},"status":"passed","steps":[],"attachments":[],"parameters":[],"shouldDisplayMessage":false,"stepsCount":0,"attachmentsCount":0,"hasContent":false,"attachmentStep":false}],"testStage":{"status":"broken","statusMessage":"selenium.common.exceptions.TimeoutException: Message: \nStacktrace:\n#0 0x564762638bea <unknown>\n#1 0x5647620d67d0 <unknown>\n#2 0x564762127cc0 <unknown>\n#3 0x564762127e41 <unknown>\n#4 0x564762176984 <unknown>\n#5 0x56476214dabd <unknown>\n#6 0x564762173d0c <unknown>\n#7 0x56476214d863 <unknown>\n#8 0x564762119ac8 <unknown>\n#9 0x56476211ac31 <unknown>\n#10 0x56476260218b <unknown>\n#11 0x564762606112 <unknown>\n#12 0x5647625ef04c <unknown>\n#13 0x564762606d04 <unknown>\n#14 0x5647625d34bf <unknown>\n#15 0x564762627528 <unknown>\n#16 0x5647626276f9 <unknown>\n#17 0x564762637a66 <unknown>\n#18 0x7f696c89caa4 <unknown>\n#19 0x7f696c929c3c <unknown>","statusTrace":"a = (<tests.test_checklist.TestPromotionChecklist testMethod=test_list_address_properties_country_0_31>,)\nkw = {}\n\n    @wraps(func)\n    def standalone_func(*a, **kw):\n>       return func(*(a + p.args), **p.kwargs, **kw)\n\n/opt/hostedtoolcache/Python/3.13.2/x64/lib/python3.13/site-packages/parameterized/parameterized.py:620: \n_ _ _ _ _ _ _ _ _ _ _ _ _ _ _ _ _ _ _ _ _ _ _ _ _ _ _ _ _ _ _ _ _ _ _ _ _ _ _ _ \ntests/test_checklist.py:102: in test_list_address_properties_country\n    WebDriverWait(self.driver, 30).until(EC.element_to_be_clickable(SOURCE_ID))\n_ _ _ _ _ _ _ _ _ _ _ _ _ _ _ _ _ _ _ _ _ _ _ _ _ _ _ _ _ _ _ _ _ _ _ _ _ _ _ _ \n\nself = <selenium.webdriver.support.wait.WebDriverWait (session=\"5f7d1cfdd30c3baa8d75f18aa6e26f1c\")>\nmethod = <function element_to_be_clickable.<locals>._predicate at 0x7f8de39d2160>\nmessage = ''\n\n    def until(self, method: Callable[[D], Union[Literal[False], T]], message: str = \"\") -> T:\n        \"\"\"Calls the method provided with the driver as an argument until the \\\n        return value does not evaluate to ``False``.\n    \n        :param method: callable(WebDriver)\n        :param message: optional message for :exc:`TimeoutException`\n        :returns: the result of the last call to `method`\n        :raises: :exc:`selenium.common.exceptions.TimeoutException` if timeout occurs\n        \"\"\"\n        screen = None\n        stacktrace = None\n    \n        end_time = time.monotonic() + self._timeout\n        while True:\n            try:\n                value = method(self._driver)\n                if value:\n                    return value\n            except self._ignored_exceptions as exc:\n                screen = getattr(exc, \"screen\", None)\n                stacktrace = getattr(exc, \"stacktrace\", None)\n            if time.monotonic() > end_time:\n                break\n            time.sleep(self._poll)\n>       raise TimeoutException(message, screen, stacktrace)\nE       selenium.common.exceptions.TimeoutException: Message: \nE       Stacktrace:\nE       #0 0x564762638bea <unknown>\nE       #1 0x5647620d67d0 <unknown>\nE       #2 0x564762127cc0 <unknown>\nE       #3 0x564762127e41 <unknown>\nE       #4 0x564762176984 <unknown>\nE       #5 0x56476214dabd <unknown>\nE       #6 0x564762173d0c <unknown>\nE       #7 0x56476214d863 <unknown>\nE       #8 0x564762119ac8 <unknown>\nE       #9 0x56476211ac31 <unknown>\nE       #10 0x56476260218b <unknown>\nE       #11 0x564762606112 <unknown>\nE       #12 0x5647625ef04c <unknown>\nE       #13 0x564762606d04 <unknown>\nE       #14 0x5647625d34bf <unknown>\nE       #15 0x564762627528 <unknown>\nE       #16 0x5647626276f9 <unknown>\nE       #17 0x564762637a66 <unknown>\nE       #18 0x7f696c89caa4 <unknown>\nE       #19 0x7f696c929c3c <unknown>\n\n/opt/hostedtoolcache/Python/3.13.2/x64/lib/python3.13/site-packages/selenium/webdriver/support/wait.py:105: TimeoutException","steps":[{"name":"Click authorisation button","time":{"start":1740640972251,"stop":1740640972999,"duration":748},"status":"passed","steps":[{"name":"Get authorisation button","time":{"start":1740640972251,"stop":1740640972263,"duration":12},"status":"passed","steps":[],"attachments":[],"parameters":[],"shouldDisplayMessage":false,"stepsCount":0,"attachmentsCount":0,"hasContent":false,"attachmentStep":false}],"attachments":[],"parameters":[],"shouldDisplayMessage":false,"stepsCount":1,"attachmentsCount":0,"hasContent":true,"attachmentStep":false}],"attachments":[],"parameters":[],"shouldDisplayMessage":true,"stepsCount":2,"attachmentsCount":0,"hasContent":true,"attachmentStep":false},"afterStages":[{"name":"_unittest_setUpClass_fixture_TestPromotionChecklist::0","time":{"start":1740641410367,"stop":1740641410367,"duration":0},"status":"passed","steps":[],"attachments":[],"parameters":[],"shouldDisplayMessage":false,"stepsCount":0,"attachmentsCount":0,"hasContent":false,"attachmentStep":false}],"labels":[{"name":"tag","value":"@pytest.mark.filterwarnings('ignore::DeprecationWarning')"},{"name":"parentSuite","value":"tests"},{"name":"suite","value":"test_checklist"},{"name":"subSuite","value":"TestPromotionChecklist"},{"name":"host","value":"fv-az1277-584"},{"name":"thread","value":"4014-MainThread"},{"name":"framework","value":"pytest"},{"name":"language","value":"cpython3"},{"name":"package","value":"tests.test_checklist"},{"name":"resultFormat","value":"allure2"}],"parameters":[],"links":[],"hidden":false,"retry":false,"extra":{"severity":"normal","retries":[],"categories":[{"name":"Test defects","matchedStatuses":[],"flaky":false}],"tags":["@pytest.mark.filterwarnings('ignore::DeprecationWarning')"]},"source":"c39b5fc7b4d75761.json","parameterValues":[]}