{"uid":"f686c6afdd7351cd","name":"test_dashboard_source_number_0_656","fullName":"tests.test_checklist.TestPromotionChecklist#test_dashboard_source_number_0_656","historyId":"4ac8e45f9c1c6ed9a7a53b5080744834","time":{"start":1741173343044,"stop":1741173357738,"duration":14694},"status":"broken","statusMessage":"selenium.common.exceptions.NoSuchElementException: Message: no such element: Unable to locate element: {\"method\":\"xpath\",\"selector\":\"/html/body/div[4]/div[3]/div[2]/table/tbody/tr[1]/td[5]\"}\n  (Session info: chrome=134.0.6998.35); For documentation on this error, please visit: https://www.selenium.dev/documentation/webdriver/troubleshooting/errors#no-such-element-exception\nStacktrace:\n#0 0x55cffd58bbea <unknown>\n#1 0x55cffd0297d0 <unknown>\n#2 0x55cffd07acc0 <unknown>\n#3 0x55cffd07ae41 <unknown>\n#4 0x55cffd0c9984 <unknown>\n#5 0x55cffd0a0abd <unknown>\n#6 0x55cffd0c6d0c <unknown>\n#7 0x55cffd0a0863 <unknown>\n#8 0x55cffd06cac8 <unknown>\n#9 0x55cffd06dc31 <unknown>\n#10 0x55cffd55518b <unknown>\n#11 0x55cffd559112 <unknown>\n#12 0x55cffd54204c <unknown>\n#13 0x55cffd559d04 <unknown>\n#14 0x55cffd5264bf <unknown>\n#15 0x55cffd57a528 <unknown>\n#16 0x55cffd57a6f9 <unknown>\n#17 0x55cffd58aa66 <unknown>\n#18 0x7f902a29caa4 <unknown>\n#19 0x7f902a329c3c <unknown>","statusTrace":"a = (<tests.test_checklist.TestPromotionChecklist testMethod=test_dashboard_source_number_0_656>,)\nkw = {}\n\n    @wraps(func)\n    def standalone_func(*a, **kw):\n>       return func(*(a + p.args), **p.kwargs, **kw)\n\n/opt/hostedtoolcache/Python/3.13.2/x64/lib/python3.13/site-packages/parameterized/parameterized.py:620: \n_ _ _ _ _ _ _ _ _ _ _ _ _ _ _ _ _ _ _ _ _ _ _ _ _ _ _ _ _ _ _ _ _ _ _ _ _ _ _ _ \ntests/test_checklist.py:295: in test_dashboard_source_number\n    actual = DashBoard(self.driver).get_source_id_txt()\nSLP/ui/PageObjects/DashBoard/dash_board.py:68: in get_source_id_txt\n    return self.node.find_element(*KW_SOURCE_ID_TXT).text\n/opt/hostedtoolcache/Python/3.13.2/x64/lib/python3.13/site-packages/selenium/webdriver/remote/webdriver.py:770: in find_element\n    return self.execute(Command.FIND_ELEMENT, {\"using\": by, \"value\": value})[\"value\"]\n/opt/hostedtoolcache/Python/3.13.2/x64/lib/python3.13/site-packages/selenium/webdriver/remote/webdriver.py:384: in execute\n    self.error_handler.check_response(response)\n_ _ _ _ _ _ _ _ _ _ _ _ _ _ _ _ _ _ _ _ _ _ _ _ _ _ _ _ _ _ _ _ _ _ _ _ _ _ _ _ \n\nself = <selenium.webdriver.remote.errorhandler.ErrorHandler object at 0x7fe4db686cf0>\nresponse = {'status': 404, 'value': '{\"value\":{\"error\":\"no such element\",\"message\":\"no such element: Unable to locate element: {\\...\\\\n#17 0x55cffd58aa66 \\\\u003Cunknown>\\\\n#18 0x7f902a29caa4 \\\\u003Cunknown>\\\\n#19 0x7f902a329c3c \\\\u003Cunknown>\\\\n\"}}'}\n\n    def check_response(self, response: Dict[str, Any]) -> None:\n        \"\"\"Checks that a JSON response from the WebDriver does not have an\n        error.\n    \n        :Args:\n         - response - The JSON response from the WebDriver server as a dictionary\n           object.\n    \n        :Raises: If the response contains an error message.\n        \"\"\"\n        status = response.get(\"status\", None)\n        if not status or status == ErrorCode.SUCCESS:\n            return\n        value = None\n        message = response.get(\"message\", \"\")\n        screen: str = response.get(\"screen\", \"\")\n        stacktrace = None\n        if isinstance(status, int):\n            value_json = response.get(\"value\", None)\n            if value_json and isinstance(value_json, str):\n                import json\n    \n                try:\n                    value = json.loads(value_json)\n                    if len(value) == 1:\n                        value = value[\"value\"]\n                    status = value.get(\"error\", None)\n                    if not status:\n                        status = value.get(\"status\", ErrorCode.UNKNOWN_ERROR)\n                        message = value.get(\"value\") or value.get(\"message\")\n                        if not isinstance(message, str):\n                            value = message\n                            message = message.get(\"message\")\n                    else:\n                        message = value.get(\"message\", None)\n                except ValueError:\n                    pass\n    \n        exception_class: Type[WebDriverException]\n        e = ErrorCode()\n        error_codes = [item for item in dir(e) if not item.startswith(\"__\")]\n        for error_code in error_codes:\n            error_info = getattr(ErrorCode, error_code)\n            if isinstance(error_info, list) and status in error_info:\n                exception_class = getattr(ExceptionMapping, error_code, WebDriverException)\n                break\n        else:\n            exception_class = WebDriverException\n    \n        if not value:\n            value = response[\"value\"]\n        if isinstance(value, str):\n            raise exception_class(value)\n        if message == \"\" and \"message\" in value:\n            message = value[\"message\"]\n    \n        screen = None  # type: ignore[assignment]\n        if \"screen\" in value:\n            screen = value[\"screen\"]\n    \n        stacktrace = None\n        st_value = value.get(\"stackTrace\") or value.get(\"stacktrace\")\n        if st_value:\n            if isinstance(st_value, str):\n                stacktrace = st_value.split(\"\\n\")\n            else:\n                stacktrace = []\n                try:\n                    for frame in st_value:\n                        line = frame.get(\"lineNumber\", \"\")\n                        file = frame.get(\"fileName\", \"<anonymous>\")\n                        if line:\n                            file = f\"{file}:{line}\"\n                        meth = frame.get(\"methodName\", \"<anonymous>\")\n                        if \"className\" in frame:\n                            meth = f\"{frame['className']}.{meth}\"\n                        msg = \"    at %s (%s)\"\n                        msg = msg % (meth, file)\n                        stacktrace.append(msg)\n                except TypeError:\n                    pass\n        if exception_class == UnexpectedAlertPresentException:\n            alert_text = None\n            if \"data\" in value:\n                alert_text = value[\"data\"].get(\"text\")\n            elif \"alert\" in value:\n                alert_text = value[\"alert\"].get(\"text\")\n            raise exception_class(message, screen, stacktrace, alert_text)  # type: ignore[call-arg]  # mypy is not smart enough here\n>       raise exception_class(message, screen, stacktrace)\nE       selenium.common.exceptions.NoSuchElementException: Message: no such element: Unable to locate element: {\"method\":\"xpath\",\"selector\":\"/html/body/div[4]/div[3]/div[2]/table/tbody/tr[1]/td[5]\"}\nE         (Session info: chrome=134.0.6998.35); For documentation on this error, please visit: https://www.selenium.dev/documentation/webdriver/troubleshooting/errors#no-such-element-exception\nE       Stacktrace:\nE       #0 0x55cffd58bbea <unknown>\nE       #1 0x55cffd0297d0 <unknown>\nE       #2 0x55cffd07acc0 <unknown>\nE       #3 0x55cffd07ae41 <unknown>\nE       #4 0x55cffd0c9984 <unknown>\nE       #5 0x55cffd0a0abd <unknown>\nE       #6 0x55cffd0c6d0c <unknown>\nE       #7 0x55cffd0a0863 <unknown>\nE       #8 0x55cffd06cac8 <unknown>\nE       #9 0x55cffd06dc31 <unknown>\nE       #10 0x55cffd55518b <unknown>\nE       #11 0x55cffd559112 <unknown>\nE       #12 0x55cffd54204c <unknown>\nE       #13 0x55cffd559d04 <unknown>\nE       #14 0x55cffd5264bf <unknown>\nE       #15 0x55cffd57a528 <unknown>\nE       #16 0x55cffd57a6f9 <unknown>\nE       #17 0x55cffd58aa66 <unknown>\nE       #18 0x7f902a29caa4 <unknown>\nE       #19 0x7f902a329c3c <unknown>\n\n/opt/hostedtoolcache/Python/3.13.2/x64/lib/python3.13/site-packages/selenium/webdriver/remote/errorhandler.py:232: NoSuchElementException","flaky":false,"newFailed":false,"newBroken":false,"newPassed":false,"retriesCount":0,"retriesStatusChange":false,"beforeStages":[{"name":"_unittest_setUpClass_fixture_TestPromotionChecklist","time":{"start":1741173309056,"stop":1741173309056,"duration":0},"status":"passed","steps":[],"attachments":[],"parameters":[],"shouldDisplayMessage":false,"stepsCount":0,"attachmentsCount":0,"hasContent":false,"attachmentStep":false}],"testStage":{"status":"broken","statusMessage":"selenium.common.exceptions.NoSuchElementException: Message: no such element: Unable to locate element: {\"method\":\"xpath\",\"selector\":\"/html/body/div[4]/div[3]/div[2]/table/tbody/tr[1]/td[5]\"}\n  (Session info: chrome=134.0.6998.35); For documentation on this error, please visit: https://www.selenium.dev/documentation/webdriver/troubleshooting/errors#no-such-element-exception\nStacktrace:\n#0 0x55cffd58bbea <unknown>\n#1 0x55cffd0297d0 <unknown>\n#2 0x55cffd07acc0 <unknown>\n#3 0x55cffd07ae41 <unknown>\n#4 0x55cffd0c9984 <unknown>\n#5 0x55cffd0a0abd <unknown>\n#6 0x55cffd0c6d0c <unknown>\n#7 0x55cffd0a0863 <unknown>\n#8 0x55cffd06cac8 <unknown>\n#9 0x55cffd06dc31 <unknown>\n#10 0x55cffd55518b <unknown>\n#11 0x55cffd559112 <unknown>\n#12 0x55cffd54204c <unknown>\n#13 0x55cffd559d04 <unknown>\n#14 0x55cffd5264bf <unknown>\n#15 0x55cffd57a528 <unknown>\n#16 0x55cffd57a6f9 <unknown>\n#17 0x55cffd58aa66 <unknown>\n#18 0x7f902a29caa4 <unknown>\n#19 0x7f902a329c3c <unknown>","statusTrace":"a = (<tests.test_checklist.TestPromotionChecklist testMethod=test_dashboard_source_number_0_656>,)\nkw = {}\n\n    @wraps(func)\n    def standalone_func(*a, **kw):\n>       return func(*(a + p.args), **p.kwargs, **kw)\n\n/opt/hostedtoolcache/Python/3.13.2/x64/lib/python3.13/site-packages/parameterized/parameterized.py:620: \n_ _ _ _ _ _ _ _ _ _ _ _ _ _ _ _ _ _ _ _ _ _ _ _ _ _ _ _ _ _ _ _ _ _ _ _ _ _ _ _ \ntests/test_checklist.py:295: in test_dashboard_source_number\n    actual = DashBoard(self.driver).get_source_id_txt()\nSLP/ui/PageObjects/DashBoard/dash_board.py:68: in get_source_id_txt\n    return self.node.find_element(*KW_SOURCE_ID_TXT).text\n/opt/hostedtoolcache/Python/3.13.2/x64/lib/python3.13/site-packages/selenium/webdriver/remote/webdriver.py:770: in find_element\n    return self.execute(Command.FIND_ELEMENT, {\"using\": by, \"value\": value})[\"value\"]\n/opt/hostedtoolcache/Python/3.13.2/x64/lib/python3.13/site-packages/selenium/webdriver/remote/webdriver.py:384: in execute\n    self.error_handler.check_response(response)\n_ _ _ _ _ _ _ _ _ _ _ _ _ _ _ _ _ _ _ _ _ _ _ _ _ _ _ _ _ _ _ _ _ _ _ _ _ _ _ _ \n\nself = <selenium.webdriver.remote.errorhandler.ErrorHandler object at 0x7fe4db686cf0>\nresponse = {'status': 404, 'value': '{\"value\":{\"error\":\"no such element\",\"message\":\"no such element: Unable to locate element: {\\...\\\\n#17 0x55cffd58aa66 \\\\u003Cunknown>\\\\n#18 0x7f902a29caa4 \\\\u003Cunknown>\\\\n#19 0x7f902a329c3c \\\\u003Cunknown>\\\\n\"}}'}\n\n    def check_response(self, response: Dict[str, Any]) -> None:\n        \"\"\"Checks that a JSON response from the WebDriver does not have an\n        error.\n    \n        :Args:\n         - response - The JSON response from the WebDriver server as a dictionary\n           object.\n    \n        :Raises: If the response contains an error message.\n        \"\"\"\n        status = response.get(\"status\", None)\n        if not status or status == ErrorCode.SUCCESS:\n            return\n        value = None\n        message = response.get(\"message\", \"\")\n        screen: str = response.get(\"screen\", \"\")\n        stacktrace = None\n        if isinstance(status, int):\n            value_json = response.get(\"value\", None)\n            if value_json and isinstance(value_json, str):\n                import json\n    \n                try:\n                    value = json.loads(value_json)\n                    if len(value) == 1:\n                        value = value[\"value\"]\n                    status = value.get(\"error\", None)\n                    if not status:\n                        status = value.get(\"status\", ErrorCode.UNKNOWN_ERROR)\n                        message = value.get(\"value\") or value.get(\"message\")\n                        if not isinstance(message, str):\n                            value = message\n                            message = message.get(\"message\")\n                    else:\n                        message = value.get(\"message\", None)\n                except ValueError:\n                    pass\n    \n        exception_class: Type[WebDriverException]\n        e = ErrorCode()\n        error_codes = [item for item in dir(e) if not item.startswith(\"__\")]\n        for error_code in error_codes:\n            error_info = getattr(ErrorCode, error_code)\n            if isinstance(error_info, list) and status in error_info:\n                exception_class = getattr(ExceptionMapping, error_code, WebDriverException)\n                break\n        else:\n            exception_class = WebDriverException\n    \n        if not value:\n            value = response[\"value\"]\n        if isinstance(value, str):\n            raise exception_class(value)\n        if message == \"\" and \"message\" in value:\n            message = value[\"message\"]\n    \n        screen = None  # type: ignore[assignment]\n        if \"screen\" in value:\n            screen = value[\"screen\"]\n    \n        stacktrace = None\n        st_value = value.get(\"stackTrace\") or value.get(\"stacktrace\")\n        if st_value:\n            if isinstance(st_value, str):\n                stacktrace = st_value.split(\"\\n\")\n            else:\n                stacktrace = []\n                try:\n                    for frame in st_value:\n                        line = frame.get(\"lineNumber\", \"\")\n                        file = frame.get(\"fileName\", \"<anonymous>\")\n                        if line:\n                            file = f\"{file}:{line}\"\n                        meth = frame.get(\"methodName\", \"<anonymous>\")\n                        if \"className\" in frame:\n                            meth = f\"{frame['className']}.{meth}\"\n                        msg = \"    at %s (%s)\"\n                        msg = msg % (meth, file)\n                        stacktrace.append(msg)\n                except TypeError:\n                    pass\n        if exception_class == UnexpectedAlertPresentException:\n            alert_text = None\n            if \"data\" in value:\n                alert_text = value[\"data\"].get(\"text\")\n            elif \"alert\" in value:\n                alert_text = value[\"alert\"].get(\"text\")\n            raise exception_class(message, screen, stacktrace, alert_text)  # type: ignore[call-arg]  # mypy is not smart enough here\n>       raise exception_class(message, screen, stacktrace)\nE       selenium.common.exceptions.NoSuchElementException: Message: no such element: Unable to locate element: {\"method\":\"xpath\",\"selector\":\"/html/body/div[4]/div[3]/div[2]/table/tbody/tr[1]/td[5]\"}\nE         (Session info: chrome=134.0.6998.35); For documentation on this error, please visit: https://www.selenium.dev/documentation/webdriver/troubleshooting/errors#no-such-element-exception\nE       Stacktrace:\nE       #0 0x55cffd58bbea <unknown>\nE       #1 0x55cffd0297d0 <unknown>\nE       #2 0x55cffd07acc0 <unknown>\nE       #3 0x55cffd07ae41 <unknown>\nE       #4 0x55cffd0c9984 <unknown>\nE       #5 0x55cffd0a0abd <unknown>\nE       #6 0x55cffd0c6d0c <unknown>\nE       #7 0x55cffd0a0863 <unknown>\nE       #8 0x55cffd06cac8 <unknown>\nE       #9 0x55cffd06dc31 <unknown>\nE       #10 0x55cffd55518b <unknown>\nE       #11 0x55cffd559112 <unknown>\nE       #12 0x55cffd54204c <unknown>\nE       #13 0x55cffd559d04 <unknown>\nE       #14 0x55cffd5264bf <unknown>\nE       #15 0x55cffd57a528 <unknown>\nE       #16 0x55cffd57a6f9 <unknown>\nE       #17 0x55cffd58aa66 <unknown>\nE       #18 0x7f902a29caa4 <unknown>\nE       #19 0x7f902a329c3c <unknown>\n\n/opt/hostedtoolcache/Python/3.13.2/x64/lib/python3.13/site-packages/selenium/webdriver/remote/errorhandler.py:232: NoSuchElementException","steps":[{"name":"Click authorisation button","time":{"start":1741173343942,"stop":1741173344840,"duration":898},"status":"passed","steps":[{"name":"Get authorisation button","time":{"start":1741173343942,"stop":1741173343952,"duration":10},"status":"passed","steps":[],"attachments":[],"parameters":[],"shouldDisplayMessage":false,"stepsCount":0,"attachmentsCount":0,"hasContent":false,"attachmentStep":false}],"attachments":[],"parameters":[],"shouldDisplayMessage":false,"stepsCount":1,"attachmentsCount":0,"hasContent":true,"attachmentStep":false},{"name":"Source select","time":{"start":1741173345373,"stop":1741173345493,"duration":120},"status":"passed","steps":[],"attachments":[],"parameters":[{"name":"source","value":"'656'"}],"shouldDisplayMessage":false,"stepsCount":0,"attachmentsCount":0,"hasContent":true,"attachmentStep":false},{"name":"MLS button click","time":{"start":1741173347127,"stop":1741173347193,"duration":66},"status":"passed","steps":[{"name":"Get MLS button","time":{"start":1741173347127,"stop":1741173347135,"duration":8},"status":"passed","steps":[],"attachments":[],"parameters":[],"shouldDisplayMessage":false,"stepsCount":0,"attachmentsCount":0,"hasContent":false,"attachmentStep":false}],"attachments":[],"parameters":[],"shouldDisplayMessage":false,"stepsCount":1,"attachmentsCount":0,"hasContent":true,"attachmentStep":false},{"name":"LD button click","time":{"start":1741173347193,"stop":1741173347528,"duration":335},"status":"passed","steps":[{"name":"Get LD button","time":{"start":1741173347193,"stop":1741173347206,"duration":13},"status":"passed","steps":[],"attachments":[],"parameters":[],"shouldDisplayMessage":false,"stepsCount":0,"attachmentsCount":0,"hasContent":false,"attachmentStep":false}],"attachments":[],"parameters":[],"shouldDisplayMessage":false,"stepsCount":1,"attachmentsCount":0,"hasContent":true,"attachmentStep":false},{"name":"Set KW source id","time":{"start":1741173347528,"stop":1741173347586,"duration":58},"status":"passed","steps":[],"attachments":[],"parameters":[{"name":"source","value":"'656'"}],"shouldDisplayMessage":false,"stepsCount":0,"attachmentsCount":0,"hasContent":true,"attachmentStep":false},{"name":"Click submit button","time":{"start":1741173347586,"stop":1741173347642,"duration":56},"status":"passed","steps":[],"attachments":[],"parameters":[],"shouldDisplayMessage":false,"stepsCount":0,"attachmentsCount":0,"hasContent":false,"attachmentStep":false},{"name":"Get source id text","time":{"start":1741173347642,"stop":1741173357657,"duration":10015},"status":"broken","statusMessage":"selenium.common.exceptions.NoSuchElementException: Message: no such element: Unable to locate element: {\"method\":\"xpath\",\"selector\":\"/html/body/div[4]/div[3]/div[2]/table/tbody/tr[1]/td[5]\"}\n  (Session info: chrome=134.0.6998.35); For documentation on this error, please visit: https://www.selenium.dev/documentation/webdriver/troubleshooting/errors#no-such-element-exception\nStacktrace:\n#0 0x55cffd58bbea <unknown>\n#1 0x55cffd0297d0 <unknown>\n#2 0x55cffd07acc0 <unknown>\n#3 0x55cffd07ae41 <unknown>\n#4 0x55cffd0c9984 <unknown>\n#5 0x55cffd0a0abd <unknown>\n#6 0x55cffd0c6d0c <unknown>\n#7 0x55cffd0a0863 <unknown>\n#8 0x55cffd06cac8 <unknown>\n#9 0x55cffd06dc31 <unknown>\n#10 0x55cffd55518b <unknown>\n#11 0x55cffd559112 <unknown>\n#12 0x55cffd54204c <unknown>\n#13 0x55cffd559d04 <unknown>\n#14 0x55cffd5264bf <unknown>\n#15 0x55cffd57a528 <unknown>\n#16 0x55cffd57a6f9 <unknown>\n#17 0x55cffd58aa66 <unknown>\n#18 0x7f902a29caa4 <unknown>\n#19 0x7f902a329c3c <unknown>\n\n","statusTrace":"  File \"/opt/hostedtoolcache/Python/3.13.2/x64/lib/python3.13/site-packages/allure_commons/_allure.py\", line 192, in impl\n    return func(*a, **kw)\n  File \"/home/runner/work/eim-map-test/eim-map-test/SLP/ui/PageObjects/DashBoard/dash_board.py\", line 68, in get_source_id_txt\n    return self.node.find_element(*KW_SOURCE_ID_TXT).text\n           ~~~~~~~~~~~~~~~~~~~~~~^^^^^^^^^^^^^^^^^^^\n  File \"/opt/hostedtoolcache/Python/3.13.2/x64/lib/python3.13/site-packages/selenium/webdriver/remote/webdriver.py\", line 770, in find_element\n    return self.execute(Command.FIND_ELEMENT, {\"using\": by, \"value\": value})[\"value\"]\n           ~~~~~~~~~~~~^^^^^^^^^^^^^^^^^^^^^^^^^^^^^^^^^^^^^^^^^^^^^^^^^^^^^\n  File \"/opt/hostedtoolcache/Python/3.13.2/x64/lib/python3.13/site-packages/selenium/webdriver/remote/webdriver.py\", line 384, in execute\n    self.error_handler.check_response(response)\n    ~~~~~~~~~~~~~~~~~~~~~~~~~~~~~~~~~^^^^^^^^^^\n  File \"/opt/hostedtoolcache/Python/3.13.2/x64/lib/python3.13/site-packages/selenium/webdriver/remote/errorhandler.py\", line 232, in check_response\n    raise exception_class(message, screen, stacktrace)\n","steps":[],"attachments":[],"parameters":[],"shouldDisplayMessage":true,"stepsCount":0,"attachmentsCount":0,"hasContent":true,"attachmentStep":false}],"attachments":[{"uid":"ec3ea54c276161e2","name":"log","source":"ec3ea54c276161e2.txt","type":"text/plain","size":360}],"parameters":[],"shouldDisplayMessage":true,"stepsCount":10,"attachmentsCount":1,"hasContent":true,"attachmentStep":false},"afterStages":[{"name":"_unittest_setUpClass_fixture_TestPromotionChecklist::0","time":{"start":1741173503468,"stop":1741173503468,"duration":0},"status":"passed","steps":[],"attachments":[],"parameters":[],"shouldDisplayMessage":false,"stepsCount":0,"attachmentsCount":0,"hasContent":false,"attachmentStep":false}],"labels":[{"name":"tag","value":"@pytest.mark.filterwarnings('ignore::DeprecationWarning')"},{"name":"parentSuite","value":"tests"},{"name":"suite","value":"test_checklist"},{"name":"subSuite","value":"TestPromotionChecklist"},{"name":"host","value":"fv-az2023-86"},{"name":"thread","value":"4065-MainThread"},{"name":"framework","value":"pytest"},{"name":"language","value":"cpython3"},{"name":"package","value":"tests.test_checklist"},{"name":"resultFormat","value":"allure2"}],"parameters":[],"links":[],"hidden":false,"retry":false,"extra":{"severity":"normal","retries":[],"categories":[{"name":"Test defects","matchedStatuses":[],"flaky":false}],"tags":["@pytest.mark.filterwarnings('ignore::DeprecationWarning')"]},"source":"f686c6afdd7351cd.json","parameterValues":[]}